#
# A fatal error has been detected by the Java Runtime Environment:
#
#  Internal Error (safepoint.cpp:321), pid=22983, tid=1763486528
#  guarantee(PageArmed == 0) failed: invariant
#
# JRE version: OpenJDK Runtime Environment (7.0_79-b14) (build 1.7.0_79-b14)
# Java VM: OpenJDK Server VM (24.79-b02 mixed mode linux-x86 )
# Derivative: IcedTea 2.5.6
# Distribution: Ubuntu 14.04 LTS, package 7u79-2.5.6-0ubuntu1.14.04.1
# Failed to write core dump. Core dumps have been disabled. To enable core dumping, try "ulimit -c unlimited" before starting Java again
#
# If you would like to submit a bug report, please include
# instructions on how to reproduce the bug and visit:
#   http://icedtea.classpath.org/bugzilla
#

---------------  T H R E A D  ---------------

Current thread (0x68e70800):  VMThread [stack: 0x6914a000,0x691cb000] [id=22997]

Stack: [0x6914a000,0x691cb000]
VM_Operation (0x6848eb50): EnableBiasedLocking, mode: async safepoint, requested by thread 0x68e8e400


---------------  P R O C E S S  ---------------

Java Threads: ( => current thread )
  0x68f09800 JavaThread "TimerQueue" daemon [_thread_blocked, id=23013, stack(0x676a7000,0x676f8000)]
  0x682c2000 JavaThread "Image Fetcher 0" daemon [_thread_blocked, id=23007, stack(0x67922000,0x67973000)]
  0x682a3400 JavaThread "AWT-XAWT" daemon [_thread_blocked, id=23006, stack(0x67973000,0x679c4000)]
  0x68293400 JavaThread "Java2D Disposer" daemon [_thread_blocked, id=23005, stack(0x679c4000,0x67a15000)]
  0x68e8c400 JavaThread "Service Thread" daemon [_thread_blocked, id=23003, stack(0x6be2e000,0x6be7f000)]
  0x68e8a800 JavaThread "C2 CompilerThread1" daemon [_thread_blocked, id=23002, stack(0x6867f000,0x68700000)]
  0x68e88800 JavaThread "C2 CompilerThread0" daemon [_thread_blocked, id=23001, stack(0x6884e000,0x688cf000)]
  0x68e87000 JavaThread "Signal Dispatcher" daemon [_thread_blocked, id=23000, stack(0x6c02e000,0x6c07f000)]
  0x68e74c00 JavaThread "Finalizer" daemon [_thread_blocked, id=22999, stack(0x6c42e000,0x6c47f000)]
  0x68e73400 JavaThread "Reference Handler" daemon [_thread_blocked, id=22998, stack(0x6c62e000,0x6c67f000)]
  0xb6407800 JavaThread "main" [_thread_in_Java, id=22988, stack(0xb6517000,0xb6568000)]

Other Threads:
=>0x68e70800 VMThread [stack: 0x6914a000,0x691cb000] [id=22997]
  0x68e8e400 WatcherThread [stack: 0x6837f000,0x68400000] [id=23004]

VM state:synchronizing (normal execution)

VM Mutex/Monitor currently owned by a thread:  ([mutex/lock_event])
[0xb6404f90] Safepoint_lock - owner thread: 0x68e70800
[0xb6404ff8] Threads_lock - owner thread: 0x68e70800

Heap
 PSYoungGen      total 34816K, used 8446K [0x9e6c0000, 0xa0b40000, 0xb32c0000)
  eden space 32256K, 18% used [0x9e6c0000,0x9ec80fa8,0xa0640000)
  from space 2560K, 99% used [0xa08c0000,0xa0b3e9d8,0xa0b40000)
  to   space 2560K, 0% used [0xa0640000,0xa0640000,0xa08c0000)
 ParOldGen       total 42496K, used 25339K [0x74ec0000, 0x77840000, 0x9e6c0000)
  object space 42496K, 59% used [0x74ec0000,0x7677ecc8,0x77840000)
 PSPermGen       total 16384K, used 9164K [0x6cec0000, 0x6dec0000, 0x74ec0000)
  object space 16384K, 55% used [0x6cec0000,0x6d7b33a8,0x6dec0000)

Card table byte_map: [0x6cc8d000,0x6cec0000] byte_map_base: 0x6c925a00

Polling page: 0xb771c000

Code Cache  [0xb3393000, 0xb35d3000, 0xb6393000)
 total_blobs=293 nmethods=60 adapters=186 free_code_cache=48730Kb largest_free_block=49881280

Compilation events (10 events):
Event: 1.818 Thread 0x68e88800   56             java.util.LinkedList$ListItr::checkForComodification (23 bytes)
Event: 1.818 Thread 0x68e88800 nmethod 56 0xb33f8148 code [0xb33f8240, 0xb33f82b0]
Event: 1.819 Thread 0x68e8a800   57             java.util.LinkedList$ListItr::hasNext (20 bytes)
Event: 1.819 Thread 0x68e88800   58             java.util.LinkedList$ListItr::next (56 bytes)
Event: 1.819 Thread 0x68e8a800 nmethod 57 0xb33fde48 code [0xb33fdf40, 0xb33fdfb0]
Event: 1.819 Thread 0x68e8a800   59             java.util.LinkedList$ListItr::set (28 bytes)
Event: 1.820 Thread 0x68e88800 nmethod 58 0xb33fcb08 code [0xb33fcc00, 0xb33fccd0]
Event: 1.820 Thread 0x68e8a800 nmethod 59 0xb33fc888 code [0xb33fc980, 0xb33fca30]
Event: 1.820 Thread 0x68e88800   60 %           java.util.Collections::sort @ 20 (52 bytes)
Event: 1.825 Thread 0x68e88800 nmethod 60% 0xb33fedc8 code [0xb33feee0, 0xb33ff270]

GC Heap History (4 events):
Event: 1.714 GC heap before
{Heap before GC invocations=1 (full 0):
 PSYoungGen      total 18688K, used 16128K [0x9e6c0000, 0x9fb80000, 0xb32c0000)
  eden space 16128K, 100% used [0x9e6c0000,0x9f680000,0x9f680000)
  from space 2560K, 0% used [0x9f900000,0x9f900000,0x9fb80000)
  to   space 2560K, 0% used [0x9f680000,0x9f680000,0x9f900000)
 ParOldGen       total 42496K, used 0K [0x74ec0000, 0x77840000, 0x9e6c0000)
  object space 42496K, 0% used [0x74ec0000,0x74ec0000,0x77840000)
 PSPermGen       total 16384K, used 9161K [0x6cec0000, 0x6dec0000, 0x74ec0000)
  object space 16384K, 55% used [0x6cec0000,0x6d7b2590,0x6dec0000)
Event: 1.739 GC heap after
Heap after GC invocations=1 (full 0):
 PSYoungGen      total 18688K, used 2548K [0x9e6c0000, 0xa0b40000, 0xb32c0000)
  eden space 16128K, 0% used [0x9e6c0000,0x9e6c0000,0x9f680000)
  from space 2560K, 99% used [0x9f680000,0x9f8fd370,0x9f900000)
  to   space 2560K, 0% used [0xa08c0000,0xa08c0000,0xa0b40000)
 ParOldGen       total 42496K, used 10219K [0x74ec0000, 0x77840000, 0x9e6c0000)
  object space 42496K, 24% used [0x74ec0000,0x758bac98,0x77840000)
 PSPermGen       total 16384K, used 9161K [0x6cec0000, 0x6dec0000, 0x74ec0000)
  object space 16384K, 55% used [0x6cec0000,0x6d7b2590,0x6dec0000)
}
Event: 1.743 GC heap before
{Heap before GC invocations=2 (full 0):
 PSYoungGen      total 18688K, used 18676K [0x9e6c0000, 0xa0b40000, 0xb32c0000)
  eden space 16128K, 100% used [0x9e6c0000,0x9f680000,0x9f680000)
  from space 2560K, 99% used [0x9f680000,0x9f8fd370,0x9f900000)
  to   space 2560K, 0% used [0xa08c0000,0xa08c0000,0xa0b40000)
 ParOldGen       total 42496K, used 10219K [0x74ec0000, 0x77840000, 0x9e6c0000)
  object space 42496K, 24% used [0x74ec0000,0x758bac98,0x77840000)
 PSPermGen       total 16384K, used 9161K [0x6cec0000, 0x6dec0000, 0x74ec0000)
  object space 16384K, 55% used [0x6cec0000,0x6d7b2590,0x6dec0000)
Event: 1.781 GC heap after
Heap after GC invocations=2 (full 0):
 PSYoungGen      total 34816K, used 2554K [0x9e6c0000, 0xa0b40000, 0xb32c0000)
  eden space 32256K, 0% used [0x9e6c0000,0x9e6c0000,0xa0640000)
  from space 2560K, 99% used [0xa08c0000,0xa0b3e9d8,0xa0b40000)
  to   space 2560K, 0% used [0xa0640000,0xa0640000,0xa08c0000)
 ParOldGen       total 42496K, used 25339K [0x74ec0000, 0x77840000, 0x9e6c0000)
  object space 42496K, 59% used [0x74ec0000,0x7677ecc8,0x77840000)
 PSPermGen       total 16384K, used 9161K [0x6cec0000, 0x6dec0000, 0x74ec0000)
  object space 16384K, 55% used [0x6cec0000,0x6d7b2590,0x6dec0000)
}

Deoptimization events (10 events):
Event: 0.234 Thread 0xb6407800 Uncommon trap: reason=class_check action=maybe_recompile pc=0xb33e5ef8 method=java.util.Properties$LineReader.readLine()I @ 62
Event: 0.235 Thread 0xb6407800 Uncommon trap: reason=class_check action=maybe_recompile pc=0xb33e5ef8 method=java.util.Properties$LineReader.readLine()I @ 62
Event: 0.237 Thread 0xb6407800 Uncommon trap: reason=class_check action=maybe_recompile pc=0xb33e5ef8 method=java.util.Properties$LineReader.readLine()I @ 62
Event: 0.296 Thread 0xb6407800 Uncommon trap: reason=class_check action=maybe_recompile pc=0xb33e4810 method=java.lang.String.equals(Ljava/lang/Object;)Z @ 8
Event: 0.299 Thread 0xb6407800 Uncommon trap: reason=class_check action=maybe_recompile pc=0xb33e4810 method=java.lang.String.equals(Ljava/lang/Object;)Z @ 8
Event: 0.299 Thread 0xb6407800 Uncommon trap: reason=class_check action=maybe_recompile pc=0xb33e4810 method=java.lang.String.equals(Ljava/lang/Object;)Z @ 8
Event: 0.299 Thread 0xb6407800 Uncommon trap: reason=class_check action=maybe_recompile pc=0xb33e4810 method=java.lang.String.equals(Ljava/lang/Object;)Z @ 8
Event: 1.694 Thread 0xb6407800 Uncommon trap: reason=unloaded action=reinterpret pc=0xb33f5c3c method=java.io.BufferedReader.readLine(Z)Ljava/lang/String; @ 268
Event: 1.782 Thread 0xb6407800 Uncommon trap: reason=unreached action=reinterpret pc=0xb33fd964 method=codeJame2015.HikingDeer.solve()V @ 161
Event: 1.807 Thread 0xb6407800 Uncommon trap: reason=unreached action=reinterpret pc=0xb33fbaac method=java.util.LinkedList.toArray()[Ljava/lang/Object; @ 16

Internal exceptions (10 events):
Event: 0.085 Thread 0xb6407800 Threw 0x9e7829f0 at /build/openjdk-7-OXg_HK/openjdk-7-7u79-2.5.6/build/openjdk/hotspot/src/share/vm/classfile/systemDictionary.cpp:185
Event: 0.091 Thread 0xb6407800 Threw 0x9e79f9d0 at /build/openjdk-7-OXg_HK/openjdk-7-7u79-2.5.6/build/openjdk/hotspot/src/share/vm/prims/jvm.cpp:1284
Event: 0.091 Thread 0xb6407800 Threw 0x9e79fbe0 at /build/openjdk-7-OXg_HK/openjdk-7-7u79-2.5.6/build/openjdk/hotspot/src/share/vm/prims/jvm.cpp:1284
Event: 0.091 Thread 0xb6407800 Threw 0x9e7a2030 at /build/openjdk-7-OXg_HK/openjdk-7-7u79-2.5.6/build/openjdk/hotspot/src/share/vm/prims/jvm.cpp:1284
Event: 0.091 Thread 0xb6407800 Threw 0x9e7a2240 at /build/openjdk-7-OXg_HK/openjdk-7-7u79-2.5.6/build/openjdk/hotspot/src/share/vm/prims/jvm.cpp:1284
Event: 0.091 Thread 0xb6407800 Threw 0x9e7a2bb0 at /build/openjdk-7-OXg_HK/openjdk-7-7u79-2.5.6/build/openjdk/hotspot/src/share/vm/prims/jvm.cpp:1284
Event: 0.092 Thread 0xb6407800 Threw 0x9e7a2dc0 at /build/openjdk-7-OXg_HK/openjdk-7-7u79-2.5.6/build/openjdk/hotspot/src/share/vm/prims/jvm.cpp:1284
Event: 0.358 Thread 0x682d1000 Threw 0x9e993610 at /build/openjdk-7-OXg_HK/openjdk-7-7u79-2.5.6/build/openjdk/hotspot/src/share/vm/prims/jni.cpp:747
Event: 1.656 Thread 0xb6407800 Threw 0x9eb28a18 at /build/openjdk-7-OXg_HK/openjdk-7-7u79-2.5.6/build/openjdk/hotspot/src/share/vm/prims/jvm.cpp:1284
Event: 1.807 Thread 0xb6407800 Implicit null exception at 0xb33fba5c to 0xb33fba96

Events (10 events):
Event: 1.807 Thread 0xb6407800 Uncommon trap: trap_request=0xffffffad fr.pc=0xb33fbaac
Event: 1.807 Thread 0xb6407800 DEOPT PACKING pc=0xb33fbaac sp=0xb6566f60
Event: 1.807 Thread 0xb6407800 DEOPT UNPACKING pc=0xb33bfbc8 sp=0xb6566f48 mode 2
Event: 2.656 loading class 0x68ec3ff0
Event: 2.656 loading class 0x68ec3ff0 done
Event: 2.656 loading class 0x68435460
Event: 2.656 loading class 0x68435460 done
Event: 2.656 Thread 0x682f8400 Thread exited: 0x682f8400
Event: 2.656 Thread 0x682d1000 Thread exited: 0x682d1000
Event: 4.048 Executing VM operation: EnableBiasedLocking


Dynamic libraries:
08048000-08049000 r-xp 00000000 08:07 5788005    /usr/lib/jvm/java-7-openjdk-i386/jre/bin/java
08049000-0804a000 r--p 00000000 08:07 5788005    /usr/lib/jvm/java-7-openjdk-i386/jre/bin/java
0804a000-0804b000 rw-p 00001000 08:07 5788005    /usr/lib/jvm/java-7-openjdk-i386/jre/bin/java
08094000-080b5000 rw-p 00000000 00:00 0          [heap]
67200000-6723e000 rw-p 00000000 00:00 0 
6723e000-67300000 ---p 00000000 00:00 0 
6756b000-67610000 rw-s 00000000 00:04 15761424   /SYSV00000000 (deleted)
676a7000-676aa000 ---p 00000000 00:00 0 
676aa000-676f8000 rw-p 00000000 00:00 0          [stack:23013]
676f8000-67709000 r-xp 00000000 08:07 5786983    /usr/lib/jvm/java-7-openjdk-i386/jre/lib/i386/libnio.so
67709000-6770a000 r--p 00010000 08:07 5786983    /usr/lib/jvm/java-7-openjdk-i386/jre/lib/i386/libnio.so
6770a000-6770b000 rw-p 00011000 08:07 5786983    /usr/lib/jvm/java-7-openjdk-i386/jre/lib/i386/libnio.so
6770b000-6775b000 r-xp 00000000 08:07 5781162    /usr/lib/jvm/java-7-openjdk-i386/jre/lib/i386/libfontmanager.so
6775b000-6775d000 r--p 0004f000 08:07 5781162    /usr/lib/jvm/java-7-openjdk-i386/jre/lib/i386/libfontmanager.so
6775d000-6775e000 rw-p 00051000 08:07 5781162    /usr/lib/jvm/java-7-openjdk-i386/jre/lib/i386/libfontmanager.so
6775e000-67761000 ---p 00000000 00:00 0 
67761000-677af000 rw-p 00000000 00:00 0 
677af000-677b2000 ---p 00000000 00:00 0 
677b2000-67800000 rw-p 00000000 00:00 0 
67800000-67883000 rw-p 00000000 00:00 0 
67883000-67900000 ---p 00000000 00:00 0 
67909000-67920000 r-xp 00000000 08:07 5782293    /usr/lib/jvm/java-7-openjdk-i386/jre/lib/i386/libnet.so
67920000-67921000 r--p 00017000 08:07 5782293    /usr/lib/jvm/java-7-openjdk-i386/jre/lib/i386/libnet.so
67921000-67922000 rw-p 00018000 08:07 5782293    /usr/lib/jvm/java-7-openjdk-i386/jre/lib/i386/libnet.so
67922000-67925000 ---p 00000000 00:00 0 
67925000-67973000 rw-p 00000000 00:00 0          [stack:23007]
67973000-67976000 ---p 00000000 00:00 0 
67976000-679c4000 rw-p 00000000 00:00 0          [stack:23006]
679c4000-679c7000 ---p 00000000 00:00 0 
679c7000-67a15000 rw-p 00000000 00:00 0          [stack:23005]
67a15000-67a51000 r-xp 00000000 08:07 1179719    /lib/i386-linux-gnu/libpcre.so.3.13.1
67a51000-67a52000 r--p 0003b000 08:07 1179719    /lib/i386-linux-gnu/libpcre.so.3.13.1
67a52000-67a53000 rw-p 0003c000 08:07 1179719    /lib/i386-linux-gnu/libpcre.so.3.13.1
67a53000-67a9c000 r-xp 00000000 08:07 1180570    /lib/i386-linux-gnu/libdbus-1.so.3.7.6
67a9c000-67a9d000 r--p 00048000 08:07 1180570    /lib/i386-linux-gnu/libdbus-1.so.3.7.6
67a9d000-67a9e000 rw-p 00049000 08:07 1180570    /lib/i386-linux-gnu/libdbus-1.so.3.7.6
67a9e000-67ad5000 r-xp 00000000 08:07 5767217    /usr/lib/i386-linux-gnu/libp11-kit.so.0.0.0
67ad5000-67ad6000 ---p 00037000 08:07 5767217    /usr/lib/i386-linux-gnu/libp11-kit.so.0.0.0
67ad6000-67ad9000 r--p 00037000 08:07 5767217    /usr/lib/i386-linux-gnu/libp11-kit.so.0.0.0
67ad9000-67ada000 rw-p 0003a000 08:07 5767217    /usr/lib/i386-linux-gnu/libp11-kit.so.0.0.0
67ada000-67b5c000 r-xp 00000000 08:07 1180502    /lib/i386-linux-gnu/libgcrypt.so.11.8.2
67b5c000-67b5d000 r--p 00082000 08:07 1180502    /lib/i386-linux-gnu/libgcrypt.so.11.8.2
67b5d000-67b5f000 rw-p 00083000 08:07 1180502    /lib/i386-linux-gnu/libgcrypt.so.11.8.2
67b5f000-67b60000 rw-p 00000000 00:00 0 
67b60000-67c17000 r-xp 00000000 08:07 5775628    /usr/lib/i386-linux-gnu/libkrb5.so.3.3
67c17000-67c1d000 r--p 000b7000 08:07 5775628    /usr/lib/i386-linux-gnu/libkrb5.so.3.3
67c1d000-67c1e000 rw-p 000bd000 08:07 5775628    /usr/lib/i386-linux-gnu/libkrb5.so.3.3
67c1e000-67d28000 r-xp 00000000 08:07 1179687    /lib/i386-linux-gnu/libglib-2.0.so.0.4002.0
67d28000-67d29000 r--p 00109000 08:07 1179687    /lib/i386-linux-gnu/libglib-2.0.so.0.4002.0
67d29000-67d2a000 rw-p 0010a000 08:07 1179687    /lib/i386-linux-gnu/libglib-2.0.so.0.4002.0
67d2a000-67dc5000 r-xp 00000000 08:07 5771703    /usr/lib/i386-linux-gnu/libfreetype.so.6.11.1
67dc5000-67dc9000 r--p 0009a000 08:07 5771703    /usr/lib/i386-linux-gnu/libfreetype.so.6.11.1
67dc9000-67dca000 rw-p 0009e000 08:07 5771703    /usr/lib/i386-linux-gnu/libfreetype.so.6.11.1
67dca000-67e8b000 r-xp 00000000 08:07 5767205    /usr/lib/i386-linux-gnu/libgnutls.so.26.22.6
67e8b000-67e8f000 r--p 000c0000 08:07 5767205    /usr/lib/i386-linux-gnu/libgnutls.so.26.22.6
67e8f000-67e90000 rw-p 000c4000 08:07 5767205    /usr/lib/i386-linux-gnu/libgnutls.so.26.22.6
67e90000-6800d000 r-xp 00000000 08:07 5779958    /usr/lib/i386-linux-gnu/libgio-2.0.so.0.4002.0
6800d000-6800f000 r--p 0017d000 08:07 5779958    /usr/lib/i386-linux-gnu/libgio-2.0.so.0.4002.0
6800f000-68010000 rw-p 0017f000 08:07 5779958    /usr/lib/i386-linux-gnu/libgio-2.0.so.0.4002.0
68010000-68011000 rw-p 00000000 00:00 0 
68011000-68141000 r-xp 00000000 08:07 5776486    /usr/lib/i386-linux-gnu/libX11.so.6.3.0
68141000-68142000 r--p 00130000 08:07 5776486    /usr/lib/i386-linux-gnu/libX11.so.6.3.0
68142000-68144000 rw-p 00131000 08:07 5776486    /usr/lib/i386-linux-gnu/libX11.so.6.3.0
68144000-68145000 rw-p 00000000 00:00 0 
68145000-681d4000 r-xp 00000000 08:07 5781190    /usr/lib/jvm/java-7-openjdk-i386/jre/lib/i386/libawt.so
681d4000-681d5000 r--p 0008f000 08:07 5781190    /usr/lib/jvm/java-7-openjdk-i386/jre/lib/i386/libawt.so
681d5000-681dc000 rw-p 00090000 08:07 5781190    /usr/lib/jvm/java-7-openjdk-i386/jre/lib/i386/libawt.so
681dc000-68200000 rw-p 00000000 00:00 0 
68200000-682f9000 rw-p 00000000 00:00 0 
682f9000-68300000 ---p 00000000 00:00 0 
68305000-6832b000 r-xp 00000000 08:07 1183456    /lib/i386-linux-gnu/libpng12.so.0.50.0
6832b000-6832c000 r--p 00025000 08:07 1183456    /lib/i386-linux-gnu/libpng12.so.0.50.0
6832c000-6832d000 rw-p 00026000 08:07 1183456    /lib/i386-linux-gnu/libpng12.so.0.50.0
6832d000-6837d000 r-xp 00000000 08:07 5779952    /usr/lib/i386-linux-gnu/libgobject-2.0.so.0.4002.0
6837d000-6837e000 r--p 0004f000 08:07 5779952    /usr/lib/i386-linux-gnu/libgobject-2.0.so.0.4002.0
6837e000-6837f000 rw-p 00050000 08:07 5779952    /usr/lib/i386-linux-gnu/libgobject-2.0.so.0.4002.0
6837f000-68380000 ---p 00000000 00:00 0 
68380000-68400000 rw-p 00000000 00:00 0          [stack:23004]
68400000-68500000 rw-p 00000000 00:00 0 
68500000-68600000 rw-p 00000000 00:00 0 
68612000-68679000 r-xp 00000000 08:07 5767533    /usr/lib/i386-linux-gnu/libcups.so.2
68679000-6867a000 ---p 00067000 08:07 5767533    /usr/lib/i386-linux-gnu/libcups.so.2
6867a000-6867e000 r--p 00067000 08:07 5767533    /usr/lib/i386-linux-gnu/libcups.so.2
6867e000-6867f000 rw-p 0006b000 08:07 5767533    /usr/lib/i386-linux-gnu/libcups.so.2
6867f000-68682000 ---p 00000000 00:00 0 
68682000-68700000 rw-p 00000000 00:00 0          [stack:23002]
68700000-68721000 rw-p 00000000 00:00 0 
68721000-68800000 ---p 00000000 00:00 0 
6880a000-6881c000 r-xp 00000000 08:07 5801472    /usr/lib/i386-linux-gnu/libtasn1.so.6.2.0
6881c000-6881d000 r--p 00011000 08:07 5801472    /usr/lib/i386-linux-gnu/libtasn1.so.6.2.0
6881d000-6881e000 rw-p 00012000 08:07 5801472    /usr/lib/i386-linux-gnu/libtasn1.so.6.2.0
6881e000-6884c000 r-xp 00000000 08:07 5770100    /usr/lib/i386-linux-gnu/libk5crypto.so.3.1
6884c000-6884d000 r--p 0002d000 08:07 5770100    /usr/lib/i386-linux-gnu/libk5crypto.so.3.1
6884d000-6884e000 rw-p 0002e000 08:07 5770100    /usr/lib/i386-linux-gnu/libk5crypto.so.3.1
6884e000-68851000 ---p 00000000 00:00 0 
68851000-688cf000 rw-p 00000000 00:00 0          [stack:23001]
688cf000-68a00000 r--p 0060f000 08:07 5781781    /usr/lib/locale/locale-archive
68a00000-68c00000 r--p 00000000 08:07 5781781    /usr/lib/locale/locale-archive
68c00000-68c21000 rw-p 00000000 00:00 0 
68c21000-68d00000 ---p 00000000 00:00 0 
68d00000-68d21000 rw-p 00000000 00:00 0 
68d21000-68e00000 ---p 00000000 00:00 0 
68e00000-68eff000 rw-p 00000000 00:00 0 
68eff000-68f00000 ---p 00000000 00:00 0 
68f00000-68f26000 rw-p 00000000 00:00 0 
68f26000-69000000 ---p 00000000 00:00 0 
69000000-690f9000 rw-p 00000000 00:00 0 
690f9000-69100000 ---p 00000000 00:00 0 
69104000-69148000 r-xp 00000000 08:07 5775626    /usr/lib/i386-linux-gnu/libgssapi_krb5.so.2.2
69148000-69149000 r--p 00043000 08:07 5775626    /usr/lib/i386-linux-gnu/libgssapi_krb5.so.2.2
69149000-6914a000 rw-p 00044000 08:07 5775626    /usr/lib/i386-linux-gnu/libgssapi_krb5.so.2.2
6914a000-6914b000 ---p 00000000 00:00 0 
6914b000-691cb000 rw-p 00000000 00:00 0          [stack:22997]
691cb000-6937c000 r--s 01d29000 08:07 5768381    /usr/lib/jvm/java-7-openjdk-i386/jre/lib/rt.jar
6937c000-6bb00000 rw-p 00000000 00:00 0 
6bb00000-6bb21000 rw-p 00000000 00:00 0 
6bb21000-6bc00000 ---p 00000000 00:00 0 
6bc04000-6bc0e000 r-xp 00000000 08:07 5775630    /usr/lib/i386-linux-gnu/libkrb5support.so.0.1
6bc0e000-6bc0f000 r--p 00009000 08:07 5775630    /usr/lib/i386-linux-gnu/libkrb5support.so.0.1
6bc0f000-6bc10000 rw-p 0000a000 08:07 5775630    /usr/lib/i386-linux-gnu/libkrb5support.so.0.1
6bc10000-6bc30000 r-xp 00000000 08:07 1180716    /lib/i386-linux-gnu/libselinux.so.1
6bc30000-6bc31000 r--p 0001f000 08:07 1180716    /lib/i386-linux-gnu/libselinux.so.1
6bc31000-6bc32000 rw-p 00020000 08:07 1180716    /lib/i386-linux-gnu/libselinux.so.1
6bc32000-6bc33000 rw-p 00000000 00:00 0 
6bc33000-6bc7b000 r-xp 00000000 08:07 5777643    /usr/lib/jvm/java-7-openjdk-i386/jre/lib/i386/xawt/libmawt.so
6bc7b000-6bc7c000 r--p 00047000 08:07 5777643    /usr/lib/jvm/java-7-openjdk-i386/jre/lib/i386/xawt/libmawt.so
6bc7c000-6bc7e000 rw-p 00048000 08:07 5777643    /usr/lib/jvm/java-7-openjdk-i386/jre/lib/i386/xawt/libmawt.so
6bc7e000-6bc7f000 rw-p 00000000 00:00 0 
6bc7f000-6bc80000 ---p 00000000 00:00 0 
6bc80000-6bd00000 rw-p 00000000 00:00 0          [stack:22996]
6bd00000-6bd21000 rw-p 00000000 00:00 0 
6bd21000-6be00000 ---p 00000000 00:00 0 
6be00000-6be03000 r-xp 00000000 08:07 1180543    /lib/i386-linux-gnu/libgpg-error.so.0.10.0
6be03000-6be04000 r--p 00002000 08:07 1180543    /lib/i386-linux-gnu/libgpg-error.so.0.10.0
6be04000-6be05000 rw-p 00003000 08:07 1180543    /lib/i386-linux-gnu/libgpg-error.so.0.10.0
6be05000-6be2a000 r-xp 00000000 08:07 1179715    /lib/i386-linux-gnu/libexpat.so.1.6.0
6be2a000-6be2b000 ---p 00025000 08:07 1179715    /lib/i386-linux-gnu/libexpat.so.1.6.0
6be2b000-6be2d000 r--p 00025000 08:07 1179715    /lib/i386-linux-gnu/libexpat.so.1.6.0
6be2d000-6be2e000 rw-p 00027000 08:07 1179715    /lib/i386-linux-gnu/libexpat.so.1.6.0
6be2e000-6be31000 ---p 00000000 00:00 0 
6be31000-6be7f000 rw-p 00000000 00:00 0          [stack:23003]
6be7f000-6be80000 ---p 00000000 00:00 0 
6be80000-6bf00000 rw-p 00000000 00:00 0          [stack:22995]
6bf00000-6bf21000 rw-p 00000000 00:00 0 
6bf21000-6c000000 ---p 00000000 00:00 0 
6c004000-6c017000 r-xp 00000000 08:07 1183555    /lib/i386-linux-gnu/libresolv-2.19.so
6c017000-6c018000 ---p 00013000 08:07 1183555    /lib/i386-linux-gnu/libresolv-2.19.so
6c018000-6c019000 r--p 00013000 08:07 1183555    /lib/i386-linux-gnu/libresolv-2.19.so
6c019000-6c01a000 rw-p 00014000 08:07 1183555    /lib/i386-linux-gnu/libresolv-2.19.so
6c01a000-6c01c000 rw-p 00000000 00:00 0 
6c01c000-6c02c000 r-xp 00000000 08:07 5769221    /usr/lib/i386-linux-gnu/libavahi-client.so.3.2.9
6c02c000-6c02d000 r--p 0000f000 08:07 5769221    /usr/lib/i386-linux-gnu/libavahi-client.so.3.2.9
6c02d000-6c02e000 rw-p 00010000 08:07 5769221    /usr/lib/i386-linux-gnu/libavahi-client.so.3.2.9
6c02e000-6c031000 ---p 00000000 00:00 0 
6c031000-6c07f000 rw-p 00000000 00:00 0          [stack:23000]
6c07f000-6c080000 ---p 00000000 00:00 0 
6c080000-6c100000 rw-p 00000000 00:00 0          [stack:22994]
6c100000-6c121000 rw-p 00000000 00:00 0 
6c121000-6c200000 ---p 00000000 00:00 0 
6c204000-6c23d000 r-xp 00000000 08:07 5767331    /usr/lib/i386-linux-gnu/libfontconfig.so.1.8.0
6c23d000-6c23e000 r--p 00039000 08:07 5767331    /usr/lib/i386-linux-gnu/libfontconfig.so.1.8.0
6c23e000-6c23f000 rw-p 0003a000 08:07 5767331    /usr/lib/i386-linux-gnu/libfontconfig.so.1.8.0
6c23f000-6c27f000 r--p 0077f000 08:07 5781781    /usr/lib/locale/locale-archive
6c27f000-6c280000 ---p 00000000 00:00 0 
6c280000-6c300000 rw-p 00000000 00:00 0          [stack:22993]
6c300000-6c321000 rw-p 00000000 00:00 0 
6c321000-6c400000 ---p 00000000 00:00 0 
6c401000-6c403000 r-xp 00000000 08:07 1180538    /lib/i386-linux-gnu/libkeyutils.so.1.4
6c403000-6c404000 r--p 00002000 08:07 1180538    /lib/i386-linux-gnu/libkeyutils.so.1.4
6c404000-6c405000 rw-p 00003000 08:07 1180538    /lib/i386-linux-gnu/libkeyutils.so.1.4
6c405000-6c40a000 r-xp 00000000 08:07 5772314    /usr/lib/i386-linux-gnu/libXdmcp.so.6.0.0
6c40a000-6c40b000 r--p 00004000 08:07 5772314    /usr/lib/i386-linux-gnu/libXdmcp.so.6.0.0
6c40b000-6c40c000 rw-p 00005000 08:07 5772314    /usr/lib/i386-linux-gnu/libXdmcp.so.6.0.0
6c40c000-6c42c000 r-xp 00000000 08:07 5767728    /usr/lib/i386-linux-gnu/libxcb.so.1.1.0
6c42c000-6c42d000 r--p 0001f000 08:07 5767728    /usr/lib/i386-linux-gnu/libxcb.so.1.1.0
6c42d000-6c42e000 rw-p 00020000 08:07 5767728    /usr/lib/i386-linux-gnu/libxcb.so.1.1.0
6c42e000-6c431000 ---p 00000000 00:00 0 
6c431000-6c47f000 rw-p 00000000 00:00 0          [stack:22999]
6c47f000-6c480000 ---p 00000000 00:00 0 
6c480000-6c500000 rw-p 00000000 00:00 0          [stack:22992]
6c500000-6c521000 rw-p 00000000 00:00 0 
6c521000-6c600000 ---p 00000000 00:00 0 
6c600000-6c603000 r-xp 00000000 08:07 1179843    /lib/i386-linux-gnu/libcom_err.so.2.1
6c603000-6c604000 r--p 00002000 08:07 1179843    /lib/i386-linux-gnu/libcom_err.so.2.1
6c604000-6c605000 rw-p 00003000 08:07 1179843    /lib/i386-linux-gnu/libcom_err.so.2.1
6c605000-6c607000 r-xp 00000000 08:07 5771054    /usr/lib/i386-linux-gnu/libXau.so.6.0.0
6c607000-6c608000 r--p 00001000 08:07 5771054    /usr/lib/i386-linux-gnu/libXau.so.6.0.0
6c608000-6c609000 rw-p 00002000 08:07 5771054    /usr/lib/i386-linux-gnu/libXau.so.6.0.0
6c609000-6c60e000 r-xp 00000000 08:07 5767250    /usr/lib/i386-linux-gnu/libffi.so.6.0.1
6c60e000-6c60f000 r--p 00005000 08:07 5767250    /usr/lib/i386-linux-gnu/libffi.so.6.0.1
6c60f000-6c610000 rw-p 00006000 08:07 5767250    /usr/lib/i386-linux-gnu/libffi.so.6.0.1
6c610000-6c61c000 r-xp 00000000 08:07 5768070    /usr/lib/i386-linux-gnu/libavahi-common.so.3.5.3
6c61c000-6c61d000 r--p 0000b000 08:07 5768070    /usr/lib/i386-linux-gnu/libavahi-common.so.3.5.3
6c61d000-6c61e000 rw-p 0000c000 08:07 5768070    /usr/lib/i386-linux-gnu/libavahi-common.so.3.5.3
6c61e000-6c62c000 r-xp 00000000 08:07 5771057    /usr/lib/i386-linux-gnu/libXi.so.6.1.0
6c62c000-6c62d000 r--p 0000e000 08:07 5771057    /usr/lib/i386-linux-gnu/libXi.so.6.1.0
6c62d000-6c62e000 rw-p 0000f000 08:07 5771057    /usr/lib/i386-linux-gnu/libXi.so.6.1.0
6c62e000-6c631000 ---p 00000000 00:00 0 
6c631000-6c67f000 rw-p 00000000 00:00 0          [stack:22998]
6c67f000-6c680000 ---p 00000000 00:00 0 
6c680000-6c700000 rw-p 00000000 00:00 0          [stack:22991]
6c700000-6c721000 rw-p 00000000 00:00 0 
6c721000-6c800000 ---p 00000000 00:00 0 
6c800000-6c803000 r-xp 00000000 08:07 5786572    /usr/lib/i386-linux-gnu/libgmodule-2.0.so.0.4002.0
6c803000-6c804000 r--p 00002000 08:07 5786572    /usr/lib/i386-linux-gnu/libgmodule-2.0.so.0.4002.0
6c804000-6c805000 rw-p 00003000 08:07 5786572    /usr/lib/i386-linux-gnu/libgmodule-2.0.so.0.4002.0
6c805000-6c816000 r-xp 00000000 08:07 5771166    /usr/lib/i386-linux-gnu/libXext.so.6.4.0
6c816000-6c817000 r--p 00010000 08:07 5771166    /usr/lib/i386-linux-gnu/libXext.so.6.4.0
6c817000-6c818000 rw-p 00011000 08:07 5771166    /usr/lib/i386-linux-gnu/libXext.so.6.4.0
6c81b000-6c81f000 r-xp 00000000 08:07 5771491    /usr/lib/i386-linux-gnu/libXfixes.so.3.1.0
6c81f000-6c820000 r--p 00003000 08:07 5771491    /usr/lib/i386-linux-gnu/libXfixes.so.3.1.0
6c820000-6c821000 rw-p 00004000 08:07 5771491    /usr/lib/i386-linux-gnu/libXfixes.so.3.1.0
6c821000-6c82a000 r-xp 00000000 08:07 5770349    /usr/lib/i386-linux-gnu/libXcursor.so.1.0.2
6c82a000-6c82b000 r--p 00008000 08:07 5770349    /usr/lib/i386-linux-gnu/libXcursor.so.1.0.2
6c82b000-6c82c000 rw-p 00009000 08:07 5770349    /usr/lib/i386-linux-gnu/libXcursor.so.1.0.2
6c82c000-6c836000 r--s 000ae000 08:07 5773322    /usr/lib/jvm/java-7-openjdk-i386/jre/lib/resources.jar
6c836000-6c87f000 rw-p 00000000 00:00 0 
6c87f000-6c880000 ---p 00000000 00:00 0 
6c880000-6c900000 rw-p 00000000 00:00 0          [stack:22990]
6c900000-6c921000 rw-p 00000000 00:00 0 
6c921000-6ca00000 ---p 00000000 00:00 0 
6ca03000-6ca08000 r-xp 00000000 08:07 5774145    /usr/lib/i386-linux-gnu/libXtst.so.6.1.0
6ca08000-6ca09000 r--p 00004000 08:07 5774145    /usr/lib/i386-linux-gnu/libXtst.so.6.1.0
6ca09000-6ca0a000 rw-p 00005000 08:07 5774145    /usr/lib/i386-linux-gnu/libXtst.so.6.1.0
6ca0a000-6ca80000 rw-p 00000000 00:00 0 
6ca80000-6ca81000 ---p 00000000 00:00 0 
6ca81000-6cb09000 rw-p 00000000 00:00 0          [stack:22989]
6cb09000-6cb41000 rw-p 00000000 00:00 0 
6cb41000-6cb56000 rw-p 00000000 00:00 0 
6cb56000-6cc8d000 rw-p 00000000 00:00 0 
6cc8d000-6cc95000 rw-p 00000000 00:00 0 
6cc95000-6cccd000 rw-p 00000000 00:00 0 
6cccd000-6cce2000 rw-p 00000000 00:00 0 
6cce2000-6ce19000 rw-p 00000000 00:00 0 
6ce19000-6ce2c000 rw-p 00000000 00:00 0 
6ce2c000-6cebf000 rw-p 00000000 00:00 0 
6cebf000-6dec0000 rw-p 00000000 00:00 0 
6dec0000-74ec0000 rw-p 00000000 00:00 0 
74ec0000-77840000 rw-p 00000000 00:00 0 
77840000-9e6c0000 rw-p 00000000 00:00 0 
9e6c0000-a0b40000 rw-p 00000000 00:00 0 
a0b40000-b32c0000 rw-p 00000000 00:00 0 
b32c2000-b32cb000 r-xp 00000000 08:07 5772338    /usr/lib/i386-linux-gnu/libXrender.so.1.3.0
b32cb000-b32cc000 r--p 00008000 08:07 5772338    /usr/lib/i386-linux-gnu/libXrender.so.1.3.0
b32cc000-b32cd000 rw-p 00009000 08:07 5772338    /usr/lib/i386-linux-gnu/libXrender.so.1.3.0
b32cd000-b32cf000 r--s 00012000 08:07 5787763    /usr/lib/jvm/java-7-openjdk-i386/jre/lib/ext/zipfs.jar
b32cf000-b32d3000 r--s 00085000 08:07 5787544    /usr/lib/jvm/java-7-openjdk-i386/jre/lib/ext/localedata.jar
b32d3000-b32dc000 rw-p 00000000 00:00 0 
b32dc000-b3393000 rw-p 00000000 00:00 0 
b3393000-b35d3000 rwxp 00000000 00:00 0 
b35d3000-b6393000 rw-p 00000000 00:00 0 
b6393000-b639e000 r-xp 00000000 08:07 1183559    /lib/i386-linux-gnu/libnss_files-2.19.so
b639e000-b639f000 r--p 0000a000 08:07 1183559    /lib/i386-linux-gnu/libnss_files-2.19.so
b639f000-b63a0000 rw-p 0000b000 08:07 1183559    /lib/i386-linux-gnu/libnss_files-2.19.so
b63a0000-b63b5000 r-xp 00000000 08:07 1181578    /lib/i386-linux-gnu/libnsl-2.19.so
b63b5000-b63b6000 r--p 00015000 08:07 1181578    /lib/i386-linux-gnu/libnsl-2.19.so
b63b6000-b63b7000 rw-p 00016000 08:07 1181578    /lib/i386-linux-gnu/libnsl-2.19.so
b63b7000-b63b9000 rw-p 00000000 00:00 0 
b63ba000-b63be000 r--s 0003c000 08:07 5787755    /usr/lib/jvm/java-7-openjdk-i386/jre/lib/ext/sunpkcs11.jar
b63be000-b63c1000 r--s 0000f000 08:07 5787759    /usr/lib/jvm/java-7-openjdk-i386/jre/lib/ext/icedtea-sound.jar
b63c1000-b63c5000 r--s 00034000 08:07 5787750    /usr/lib/jvm/java-7-openjdk-i386/jre/lib/ext/sunjce_provider.jar
b63c5000-b63cd000 r-xp 00000000 08:07 5773632    /usr/lib/jvm/java-7-openjdk-i386/jre/lib/i386/libzip.so
b63cd000-b63ce000 r--p 00007000 08:07 5773632    /usr/lib/jvm/java-7-openjdk-i386/jre/lib/i386/libzip.so
b63ce000-b63cf000 rw-p 00008000 08:07 5773632    /usr/lib/jvm/java-7-openjdk-i386/jre/lib/i386/libzip.so
b63cf000-b63d7000 rw-s 00000000 08:07 786685     /tmp/hsperfdata_zcd/22983
b63d7000-b63fe000 r-xp 00000000 08:07 5786990    /usr/lib/jvm/java-7-openjdk-i386/jre/lib/i386/libjava.so
b63fe000-b63ff000 r--p 00026000 08:07 5786990    /usr/lib/jvm/java-7-openjdk-i386/jre/lib/i386/libjava.so
b63ff000-b6400000 rw-p 00027000 08:07 5786990    /usr/lib/jvm/java-7-openjdk-i386/jre/lib/i386/libjava.so
b6400000-b64fd000 rw-p 00000000 00:00 0 
b64fd000-b6500000 ---p 00000000 00:00 0 
b6500000-b6502000 r--s 00006000 08:07 6163246    /usr/share/java/java-atk-wrapper.jar
b6502000-b650c000 r-xp 00000000 08:07 1181577    /lib/i386-linux-gnu/libnss_nis-2.19.so
b650c000-b650d000 r--p 00009000 08:07 1181577    /lib/i386-linux-gnu/libnss_nis-2.19.so
b650d000-b650e000 rw-p 0000a000 08:07 1181577    /lib/i386-linux-gnu/libnss_nis-2.19.so
b650e000-b6515000 r-xp 00000000 08:07 1183561    /lib/i386-linux-gnu/librt-2.19.so
b6515000-b6516000 r--p 00006000 08:07 1183561    /lib/i386-linux-gnu/librt-2.19.so
b6516000-b6517000 rw-p 00007000 08:07 1183561    /lib/i386-linux-gnu/librt-2.19.so
b6517000-b651a000 ---p 00000000 00:00 0 
b651a000-b6568000 rw-p 00000000 00:00 0          [stack:22988]
b6568000-b6584000 r-xp 00000000 08:07 1179925    /lib/i386-linux-gnu/libgcc_s.so.1
b6584000-b6585000 rw-p 0001b000 08:07 1179925    /lib/i386-linux-gnu/libgcc_s.so.1
b6585000-b65c9000 r-xp 00000000 08:07 1183541    /lib/i386-linux-gnu/libm-2.19.so
b65c9000-b65ca000 r--p 00043000 08:07 1183541    /lib/i386-linux-gnu/libm-2.19.so
b65ca000-b65cb000 rw-p 00044000 08:07 1183541    /lib/i386-linux-gnu/libm-2.19.so
b65cb000-b66a7000 r-xp 00000000 08:07 5767247    /usr/lib/i386-linux-gnu/libstdc++.so.6.0.19
b66a7000-b66ab000 r--p 000dc000 08:07 5767247    /usr/lib/i386-linux-gnu/libstdc++.so.6.0.19
b66ab000-b66ac000 rw-p 000e0000 08:07 5767247    /usr/lib/i386-linux-gnu/libstdc++.so.6.0.19
b66ac000-b66b3000 rw-p 00000000 00:00 0 
b66b3000-b70a2000 r-xp 00000000 08:07 5781152    /usr/lib/jvm/java-7-openjdk-i386/jre/lib/i386/server/libjvm.so
b70a2000-b70f4000 r--p 009ee000 08:07 5781152    /usr/lib/jvm/java-7-openjdk-i386/jre/lib/i386/server/libjvm.so
b70f4000-b7108000 rw-p 00a40000 08:07 5781152    /usr/lib/jvm/java-7-openjdk-i386/jre/lib/i386/server/libjvm.so
b7108000-b7525000 rw-p 00000000 00:00 0 
b7525000-b753d000 r-xp 00000000 08:07 1188031    /lib/i386-linux-gnu/libz.so.1.2.8
b753d000-b753e000 r--p 00017000 08:07 1188031    /lib/i386-linux-gnu/libz.so.1.2.8
b753e000-b753f000 rw-p 00018000 08:07 1188031    /lib/i386-linux-gnu/libz.so.1.2.8
b753f000-b7540000 rw-p 00000000 00:00 0 
b7540000-b7558000 r-xp 00000000 08:07 1183551    /lib/i386-linux-gnu/libpthread-2.19.so
b7558000-b7559000 r--p 00018000 08:07 1183551    /lib/i386-linux-gnu/libpthread-2.19.so
b7559000-b755a000 rw-p 00019000 08:07 1183551    /lib/i386-linux-gnu/libpthread-2.19.so
b755a000-b755c000 rw-p 00000000 00:00 0 
b755c000-b755f000 r-xp 00000000 08:07 1181575    /lib/i386-linux-gnu/libdl-2.19.so
b755f000-b7560000 r--p 00002000 08:07 1181575    /lib/i386-linux-gnu/libdl-2.19.so
b7560000-b7561000 rw-p 00003000 08:07 1181575    /lib/i386-linux-gnu/libdl-2.19.so
b7561000-b7709000 r-xp 00000000 08:07 1181574    /lib/i386-linux-gnu/libc-2.19.so
b7709000-b770b000 r--p 001a8000 08:07 1181574    /lib/i386-linux-gnu/libc-2.19.so
b770b000-b770c000 rw-p 001aa000 08:07 1181574    /lib/i386-linux-gnu/libc-2.19.so
b770c000-b770f000 rw-p 00000000 00:00 0 
b770f000-b7710000 r--s 00002000 08:07 5787546    /usr/lib/jvm/java-7-openjdk-i386/jre/lib/ext/dnsns.jar
b7710000-b7711000 r--p 008fb000 08:07 5781781    /usr/lib/locale/locale-archive
b7711000-b7712000 r--p 008fa000 08:07 5781781    /usr/lib/locale/locale-archive
b7712000-b7719000 r-xp 00000000 08:07 1183543    /lib/i386-linux-gnu/libnss_compat-2.19.so
b7719000-b771a000 r--p 00006000 08:07 1183543    /lib/i386-linux-gnu/libnss_compat-2.19.so
b771a000-b771b000 rw-p 00007000 08:07 1183543    /lib/i386-linux-gnu/libnss_compat-2.19.so
b771b000-b771c000 rw-p 00000000 00:00 0 
b771c000-b771d000 ---p 00000000 00:00 0 
b771d000-b772b000 r-xp 00000000 08:07 5781195    /usr/lib/jvm/java-7-openjdk-i386/jre/lib/i386/libverify.so
b772b000-b772c000 r--p 0000d000 08:07 5781195    /usr/lib/jvm/java-7-openjdk-i386/jre/lib/i386/libverify.so
b772c000-b772d000 rw-p 0000e000 08:07 5781195    /usr/lib/jvm/java-7-openjdk-i386/jre/lib/i386/libverify.so
b772d000-b7739000 r-xp 00000000 08:07 5781146    /usr/lib/jvm/java-7-openjdk-i386/jre/lib/i386/jli/libjli.so
b7739000-b773a000 r--p 0000c000 08:07 5781146    /usr/lib/jvm/java-7-openjdk-i386/jre/lib/i386/jli/libjli.so
b773a000-b773b000 rw-p 0000d000 08:07 5781146    /usr/lib/jvm/java-7-openjdk-i386/jre/lib/i386/jli/libjli.so
b773b000-b773e000 rw-p 00000000 00:00 0 
b773e000-b773f000 r-xp 00000000 00:00 0          [vdso]
b773f000-b775f000 r-xp 00000000 08:07 1181576    /lib/i386-linux-gnu/ld-2.19.so
b775f000-b7760000 r--p 0001f000 08:07 1181576    /lib/i386-linux-gnu/ld-2.19.so
b7760000-b7761000 rw-p 00020000 08:07 1181576    /lib/i386-linux-gnu/ld-2.19.so
bfd80000-bfd81000 rwxp 00000000 00:00 0 
bfdb3000-bfdd4000 rw-p 00000000 00:00 0          [stack]

VM Arguments:
jvm_args: -Dfile.encoding=UTF-8 
java_command: codeJame2015.HikingDeer
Launcher Type: SUN_STANDARD

Environment Variables:
PATH=/home/zcd/bin:/usr/local/sbin:/usr/local/bin:/usr/sbin:/usr/bin:/sbin:/bin:/usr/games:/usr/local/games
LD_LIBRARY_PATH=/usr/lib/jvm/java-7-openjdk-i386/jre/lib/i386/server:/usr/lib/jvm/java-7-openjdk-i386/jre/lib/i386:/usr/lib/jvm/java-7-openjdk-i386/jre/../lib/i386:/usr/lib/jvm/java-7-openjdk-i386/jre/lib/i386/client:/usr/lib/jvm/java-7-openjdk-i386/jre/lib/i386:
SHELL=/bin/bash
DISPLAY=:0

Signal Handlers:
SIGSEGV: [libjvm.so+0x80cb90], sa_mask[0]=0x7ffbfeff, sa_flags=0x10000004
SIGBUS: [libjvm.so+0x80cb90], sa_mask[0]=0x7ffbfeff, sa_flags=0x10000004
SIGFPE: [libjvm.so+0x684e30], sa_mask[0]=0x7ffbfeff, sa_flags=0x10000004
SIGPIPE: [libjvm.so+0x684e30], sa_mask[0]=0x7ffbfeff, sa_flags=0x10000004
SIGXFSZ: [libjvm.so+0x684e30], sa_mask[0]=0x7ffbfeff, sa_flags=0x10000004
SIGILL: [libjvm.so+0x684e30], sa_mask[0]=0x7ffbfeff, sa_flags=0x10000004
SIGUSR1: SIG_DFL, sa_mask[0]=0x00000000, sa_flags=0x00000000
SIGUSR2: [libjvm.so+0x684cc0], sa_mask[0]=0x00000004, sa_flags=0x10000004
SIGHUP: [libjvm.so+0x684ef0], sa_mask[0]=0x7ffbfeff, sa_flags=0x10000004
SIGINT: [libjvm.so+0x684ef0], sa_mask[0]=0x7ffbfeff, sa_flags=0x10000004
SIGTERM: [libjvm.so+0x684ef0], sa_mask[0]=0x7ffbfeff, sa_flags=0x10000004
SIGQUIT: [libjvm.so+0x684ef0], sa_mask[0]=0x7ffbfeff, sa_flags=0x10000004
SIGTRAP: SIG_DFL, sa_mask[0]=0x00000000, sa_flags=0x00000000


---------------  S Y S T E M  ---------------

OS:Ubuntu 14.04 (trusty)
uname:Linux 3.13.0-63-generic #103-Ubuntu SMP Fri Aug 14 21:43:30 UTC 2015 i686
libc:glibc 2.19 NPTL 2.19 
rlimit: STACK 8192k, CORE 0k, NPROC 31707, NOFILE 4096, AS infinity
load average:2.01 2.01 1.74

/proc/meminfo:
MemTotal:        4077744 kB
MemFree:         1514916 kB
Buffers:          289608 kB
Cached:          1005968 kB
SwapCached:       113544 kB
Active:          1300468 kB
Inactive:        1015892 kB
Active(anon):     780392 kB
Inactive(anon):   282416 kB
Active(file):     520076 kB
Inactive(file):   733476 kB
Unevictable:         384 kB
Mlocked:             384 kB
HighTotal:       3222876 kB
HighFree:        1368660 kB
LowTotal:         854868 kB
LowFree:          146256 kB
SwapTotal:       3999736 kB
SwapFree:        3374328 kB
Dirty:                56 kB
Writeback:             0 kB
AnonPages:        940908 kB
Mapped:           220888 kB
Shmem:             42020 kB
Slab:             186492 kB
SReclaimable:     149960 kB
SUnreclaim:        36532 kB
KernelStack:        5648 kB
PageTables:        16704 kB
NFS_Unstable:          0 kB
Bounce:                0 kB
WritebackTmp:          0 kB
CommitLimit:     6038608 kB
Committed_AS:    7421812 kB
VmallocTotal:     122880 kB
VmallocUsed:       23760 kB
VmallocChunk:      46356 kB
HardwareCorrupted:     0 kB
AnonHugePages:    301056 kB
HugePages_Total:       0
HugePages_Free:        0
HugePages_Rsvd:        0
HugePages_Surp:        0
Hugepagesize:       2048 kB
DirectMap4k:       47096 kB
DirectMap2M:      866304 kB


CPU:total 8 (4 cores per cpu, 2 threads per core) family 6 model 58 stepping 9, cmov, cx8, fxsr, mmx, sse, sse2, sse3, ssse3, sse4.1, sse4.2, popcnt, avx, aes, erms, ht, tsc, tscinvbit, tscinv

/proc/cpuinfo:
processor	: 0
vendor_id	: GenuineIntel
cpu family	: 6
model		: 58
model name	: Intel(R) Core(TM) i7-3770 CPU @ 3.40GHz
stepping	: 9
microcode	: 0x12
cpu MHz		: 3401.000
cache size	: 8192 KB
physical id	: 0
siblings	: 8
core id		: 0
cpu cores	: 4
apicid		: 0
initial apicid	: 0
fdiv_bug	: no
f00f_bug	: no
coma_bug	: no
fpu		: yes
fpu_exception	: yes
cpuid level	: 13
wp		: yes
flags		: fpu vme de pse tsc msr pae mce cx8 apic sep mtrr pge mca cmov pat pse36 clflush dts acpi mmx fxsr sse sse2 ss ht tm pbe nx rdtscp lm constant_tsc arch_perfmon pebs bts xtopology nonstop_tsc aperfmperf eagerfpu pni pclmulqdq dtes64 monitor ds_cpl vmx smx est tm2 ssse3 cx16 xtpr pdcm pcid sse4_1 sse4_2 x2apic popcnt tsc_deadline_timer aes xsave avx f16c rdrand lahf_lm ida arat epb xsaveopt pln pts dtherm tpr_shadow vnmi flexpriority ept vpid fsgsbase smep erms
bogomips	: 6784.45
clflush size	: 64
cache_alignment	: 64
address sizes	: 36 bits physical, 48 bits virtual
power management:

processor	: 1
vendor_id	: GenuineIntel
cpu family	: 6
model		: 58
model name	: Intel(R) Core(TM) i7-3770 CPU @ 3.40GHz
stepping	: 9
microcode	: 0x12
cpu MHz		: 1600.000
cache size	: 8192 KB
physical id	: 0
siblings	: 8
core id		: 1
cpu cores	: 4
apicid		: 2
initial apicid	: 2
fdiv_bug	: no
f00f_bug	: no
coma_bug	: no
fpu		: yes
fpu_exception	: yes
cpuid level	: 13
wp		: yes
flags		: fpu vme de pse tsc msr pae mce cx8 apic sep mtrr pge mca cmov pat pse36 clflush dts acpi mmx fxsr sse sse2 ss ht tm pbe nx rdtscp lm constant_tsc arch_perfmon pebs bts xtopology nonstop_tsc aperfmperf eagerfpu pni pclmulqdq dtes64 monitor ds_cpl vmx smx est tm2 ssse3 cx16 xtpr pdcm pcid sse4_1 sse4_2 x2apic popcnt tsc_deadline_timer aes xsave avx f16c rdrand lahf_lm ida arat epb xsaveopt pln pts dtherm tpr_shadow vnmi flexpriority ept vpid fsgsbase smep erms
bogomips	: 6784.45
clflush size	: 64
cache_alignment	: 64
address sizes	: 36 bits physical, 48 bits virtual
power management:

processor	: 2
vendor_id	: GenuineIntel
cpu family	: 6
model		: 58
model name	: Intel(R) Core(TM) i7-3770 CPU @ 3.40GHz
stepping	: 9
microcode	: 0x12
cpu MHz		: 1600.000
cache size	: 8192 KB
physical id	: 0
siblings	: 8
core id		: 2
cpu cores	: 4
apicid		: 4
initial apicid	: 4
fdiv_bug	: no
f00f_bug	: no
coma_bug	: no
fpu		: yes
fpu_exception	: yes
cpuid level	: 13
wp		: yes
flags		: fpu vme de pse tsc msr pae mce cx8 apic sep mtrr pge mca cmov pat pse36 clflush dts acpi mmx fxsr sse sse2 ss ht tm pbe nx rdtscp lm constant_tsc arch_perfmon pebs bts xtopology nonstop_tsc aperfmperf eagerfpu pni pclmulqdq dtes64 monitor ds_cpl vmx smx est tm2 ssse3 cx16 xtpr pdcm pcid sse4_1 sse4_2 x2apic popcnt tsc_deadline_timer aes xsave avx f16c rdrand lahf_lm ida arat epb xsaveopt pln pts dtherm tpr_shadow vnmi flexpriority ept vpid fsgsbase smep erms
bogomips	: 6784.45
clflush size	: 64
cache_alignment	: 64
address sizes	: 36 bits physical, 48 bits virtual
power management:

processor	: 3
vendor_id	: GenuineIntel
cpu family	: 6
model		: 58
model name	: Intel(R) Core(TM) i7-3770 CPU @ 3.40GHz
stepping	: 9
microcode	: 0x12
cpu MHz		: 1600.000
cache size	: 8192 KB
physical id	: 0
siblings	: 8
core id		: 3
cpu cores	: 4
apicid		: 6
initial apicid	: 6
fdiv_bug	: no
f00f_bug	: no
coma_bug	: no
fpu		: yes
fpu_exception	: yes
cpuid level	: 13
wp		: yes
flags		: fpu vme de pse tsc msr pae mce cx8 apic sep mtrr pge mca cmov pat pse36 clflush dts acpi mmx fxsr sse sse2 ss ht tm pbe nx rdtscp lm constant_tsc arch_perfmon pebs bts xtopology nonstop_tsc aperfmperf eagerfpu pni pclmulqdq dtes64 monitor ds_cpl vmx smx est tm2 ssse3 cx16 xtpr pdcm pcid sse4_1 sse4_2 x2apic popcnt tsc_deadline_timer aes xsave avx f16c rdrand lahf_lm ida arat epb xsaveopt pln pts dtherm tpr_shadow vnmi flexpriority ept vpid fsgsbase smep erms
bogomips	: 6784.45
clflush size	: 64
cache_alignment	: 64
address sizes	: 36 bits physical, 48 bits virtual
power management:

processor	: 4
vendor_id	: GenuineIntel
cpu family	: 6
model		: 58
model name	: Intel(R) Core(TM) i7-3770 CPU @ 3.40GHz
stepping	: 9
microcode	: 0x12
cpu MHz		: 3401.000
cache size	: 8192 KB
physical id	: 0
siblings	: 8
core id		: 0
cpu cores	: 4
apicid		: 1
initial apicid	: 1
fdiv_bug	: no
f00f_bug	: no
coma_bug	: no
fpu		: yes
fpu_exception	: yes
cpuid level	: 13
wp		: yes
flags		: fpu vme de pse tsc msr pae mce cx8 apic sep mtrr pge mca cmov pat pse36 clflush dts acpi mmx fxsr sse sse2 ss ht tm pbe nx rdtscp lm constant_tsc arch_perfmon pebs bts xtopology nonstop_tsc aperfmperf eagerfpu pni pclmulqdq dtes64 monitor ds_cpl vmx smx est tm2 ssse3 cx16 xtpr pdcm pcid sse4_1 sse4_2 x2apic popcnt tsc_deadline_timer aes xsave avx f16c rdrand lahf_lm ida arat epb xsaveopt pln pts dtherm tpr_shadow vnmi flexpriority ept vpid fsgsbase smep erms
bogomips	: 6784.45
clflush size	: 64
cache_alignment	: 64
address sizes	: 36 bits physical, 48 bits virtual
power management:

processor	: 5
vendor_id	: GenuineIntel
cpu family	: 6
model		: 58
model name	: Intel(R) Core(TM) i7-3770 CPU @ 3.40GHz
stepping	: 9
microcode	: 0x12
cpu MHz		: 1600.000
cache size	: 8192 KB
physical id	: 0
siblings	: 8
core id		: 1
cpu cores	: 4
apicid		: 3
initial apicid	: 3
fdiv_bug	: no
f00f_bug	: no
coma_bug	: no
fpu		: yes
fpu_exception	: yes
cpuid level	: 13
wp		: yes
flags		: fpu vme de pse tsc msr pae mce cx8 apic sep mtrr pge mca cmov pat pse36 clflush dts acpi mmx fxsr sse sse2 ss ht tm pbe nx rdtscp lm constant_tsc arch_perfmon pebs bts xtopology nonstop_tsc aperfmperf eagerfpu pni pclmulqdq dtes64 monitor ds_cpl vmx smx est tm2 ssse3 cx16 xtpr pdcm pcid sse4_1 sse4_2 x2apic popcnt tsc_deadline_timer aes xsave avx f16c rdrand lahf_lm ida arat epb xsaveopt pln pts dtherm tpr_shadow vnmi flexpriority ept vpid fsgsbase smep erms
bogomips	: 6784.45
clflush size	: 64
cache_alignment	: 64
address sizes	: 36 bits physical, 48 bits virtual
power management:

processor	: 6
vendor_id	: GenuineIntel
cpu family	: 6
model		: 58
model name	: Intel(R) Core(TM) i7-3770 CPU @ 3.40GHz
stepping	: 9
microcode	: 0x12
cpu MHz		: 1600.000
cache size	: 8192 KB
physical id	: 0
siblings	: 8
core id		: 2
cpu cores	: 4
apicid		: 5
initial apicid	: 5
fdiv_bug	: no
f00f_bug	: no
coma_bug	: no
fpu		: yes
fpu_exception	: yes
cpuid level	: 13
wp		: yes
flags		: fpu vme de pse tsc msr pae mce cx8 apic sep mtrr pge mca cmov pat pse36 clflush dts acpi mmx fxsr sse sse2 ss ht tm pbe nx rdtscp lm constant_tsc arch_perfmon pebs bts xtopology nonstop_tsc aperfmperf eagerfpu pni pclmulqdq dtes64 monitor ds_cpl vmx smx est tm2 ssse3 cx16 xtpr pdcm pcid sse4_1 sse4_2 x2apic popcnt tsc_deadline_timer aes xsave avx f16c rdrand lahf_lm ida arat epb xsaveopt pln pts dtherm tpr_shadow vnmi flexpriority ept vpid fsgsbase smep erms
bogomips	: 6784.45
clflush size	: 64
cache_alignment	: 64
address sizes	: 36 bits physical, 48 bits virtual
power management:

processor	: 7
vendor_id	: GenuineIntel
cpu family	: 6
model		: 58
model name	: Intel(R) Core(TM) i7-3770 CPU @ 3.40GHz
stepping	: 9
microcode	: 0x12
cpu MHz		: 1600.000
cache size	: 8192 KB
physical id	: 0
siblings	: 8
core id		: 3
cpu cores	: 4
apicid		: 7
initial apicid	: 7
fdiv_bug	: no
f00f_bug	: no
coma_bug	: no
fpu		: yes
fpu_exception	: yes
cpuid level	: 13
wp		: yes
flags		: fpu vme de pse tsc msr pae mce cx8 apic sep mtrr pge mca cmov pat pse36 clflush dts acpi mmx fxsr sse sse2 ss ht tm pbe nx rdtscp lm constant_tsc arch_perfmon pebs bts xtopology nonstop_tsc aperfmperf eagerfpu pni pclmulqdq dtes64 monitor ds_cpl vmx smx est tm2 ssse3 cx16 xtpr pdcm pcid sse4_1 sse4_2 x2apic popcnt tsc_deadline_timer aes xsave avx f16c rdrand lahf_lm ida arat epb xsaveopt pln pts dtherm tpr_shadow vnmi flexpriority ept vpid fsgsbase smep erms
bogomips	: 6784.45
clflush size	: 64
cache_alignment	: 64
address sizes	: 36 bits physical, 48 bits virtual
power management:



Memory: 4k page, physical 4077744k(1514916k free), swap 3999736k(3374328k free)

vm_info: OpenJDK Server VM (24.79-b02) for linux-x86 JRE (1.7.0_79-b14), built on Jul 24 2015 08:25:15 by "buildd" with gcc 4.8.2

time: Tue Mar 15 15:51:21 2016
elapsed time: 796 seconds

