#
# A fatal error has been detected by the Java Runtime Environment:
#
#  Internal Error (safepoint.cpp:310), pid=1691, tid=11267
#  guarantee(PageArmed == 0) failed: invariant
#
# JRE version: Java(TM) SE Runtime Environment (8.0_31-b13) (build 1.8.0_31-b13)
# Java VM: Java HotSpot(TM) 64-Bit Server VM (25.31-b07 mixed mode bsd-amd64 compressed oops)
# Failed to write core dump. Core dumps have been disabled. To enable core dumping, try "ulimit -c unlimited" before starting Java again
#
# If you would like to submit a bug report, please visit:
#   http://bugreport.java.com/bugreport/crash.jsp
#

---------------  T H R E A D  ---------------

Current thread (0x00007fc574027000):  VMThread [stack: 0x0000700000629000,0x0000700000729000] [id=11267]

Stack: [0x0000700000629000,0x0000700000729000],  sp=0x0000700000728910,  free space=1022k
Native frames: (J=compiled Java code, j=interpreted, Vv=VM code, C=native code)
V  [libjvm.dylib+0x579964]
V  [libjvm.dylib+0x1da99b]
V  [libjvm.dylib+0x4b1480]
V  [libjvm.dylib+0x57f9f1]
V  [libjvm.dylib+0x57f31f]
V  [libjvm.dylib+0x45d772]
C  [libsystem_pthread.dylib+0x3c13]  _pthread_body+0x83
C  [libsystem_pthread.dylib+0x3b90]  _pthread_body+0x0
C  [libsystem_pthread.dylib+0x1375]  thread_start+0xd

VM_Operation (0x0000700000a31a38): RevokeBias, mode: safepoint, requested by thread 0x00007fc57320d800


---------------  P R O C E S S  ---------------

Java Threads: ( => current thread )
  0x00007fc57320d800 JavaThread "AWT-Shutdown" [_thread_blocked, id=58123, stack(0x0000700000932000,0x0000700000a32000)]
  0x00007fc57433a800 JavaThread "TimerQueue" daemon [_thread_blocked, id=63751, stack(0x0000700001662000,0x0000700001762000)]
  0x00007fc57312d800 JavaThread "Java2D Disposer" daemon [_thread_blocked, id=53003, stack(0x00007000013d9000,0x00007000014d9000)]
  0x00007fc573079000 JavaThread "Java2D Queue Flusher" daemon [_thread_blocked, id=49187, stack(0x00007000012d6000,0x00007000013d6000)]
  0x00007fc574051000 JavaThread "AppKit Thread" daemon [_thread_blocked, id=2571, stack(0x00007fff5d370000,0x00007fff5db70000)]
  0x00007fc57286a800 JavaThread "Service Thread" daemon [_thread_blocked, id=18691, stack(0x0000700000e44000,0x0000700000f44000)]
  0x00007fc573010800 JavaThread "C1 CompilerThread2" daemon [_thread_blocked, id=18179, stack(0x0000700000d41000,0x0000700000e41000)]
  0x00007fc57300f800 JavaThread "C2 CompilerThread1" daemon [_thread_blocked, id=17667, stack(0x0000700000c3e000,0x0000700000d3e000)]
  0x00007fc573809800 JavaThread "C2 CompilerThread0" daemon [_thread_blocked, id=17155, stack(0x0000700000b3b000,0x0000700000c3b000)]
  0x00007fc573800800 JavaThread "Signal Dispatcher" daemon [_thread_blocked, id=12815, stack(0x0000700000a38000,0x0000700000b38000)]
  0x00007fc572846800 JavaThread "Finalizer" daemon [_thread_blocked, id=12291, stack(0x000070000082f000,0x000070000092f000)]
  0x00007fc572845800 JavaThread "Reference Handler" daemon [_thread_blocked, id=11779, stack(0x000070000072c000,0x000070000082c000)]
  0x00007fc574002000 JavaThread "main" [_thread_in_Java, id=5891, stack(0x000070000011a000,0x000070000021a000)]

Other Threads:
=>0x00007fc574027000 VMThread [stack: 0x0000700000629000,0x0000700000729000] [id=11267]
  0x00007fc574010800 WatcherThread [stack: 0x0000700000f47000,0x0000700001047000] [id=19203]

VM state:synchronizing (normal execution)

VM Mutex/Monitor currently owned by a thread:  ([mutex/lock_event])
[0x00007fc5724164a0] Safepoint_lock - owner thread: 0x00007fc574027000
[0x00007fc572416520] Threads_lock - owner thread: 0x00007fc574027000

Heap:
 PSYoungGen      total 279040K, used 126751K [0x0000000795580000, 0x00000007b8980000, 0x00000007c0000000)
  eden space 120320K, 35% used [0x0000000795580000,0x0000000797ee0778,0x000000079cb00000)
  from space 158720K, 53% used [0x000000079cb00000,0x00000007a1d67680,0x00000007a6600000)
  to   space 214528K, 0% used [0x00000007ab800000,0x00000007ab800000,0x00000007b8980000)
 ParOldGen       total 656896K, used 455246K [0x0000000740000000, 0x0000000768180000, 0x0000000795580000)
  object space 656896K, 69% used [0x0000000740000000,0x000000075bc93958,0x0000000768180000)
 Metaspace       used 12976K, capacity 13142K, committed 13312K, reserved 1060864K
  class space    used 1752K, capacity 1783K, committed 1792K, reserved 1048576K

Card table byte_map: [0x0000000112edf000,0x00000001132e0000] byte_map_base: 0x000000010f4df000

Marking Bits: (ParMarkBitMap*) 0x000000010349e410
 Begin Bits: [0x000000011358b000, 0x000000011558b000)
 End Bits:   [0x000000011558b000, 0x000000011758b000)

Polling page: 0x0000000102351000

CodeCache: size=245760Kb used=3399Kb max_used=3411Kb free=242360Kb
 bounds [0x0000000103b1f000, 0x0000000103e7f000, 0x0000000112b1f000]
 total_blobs=1510 nmethods=991 adapters=433
 compilation: enabled

Compilation events (10 events):
Event: 14.812 Thread 0x00007fc573010800  987       3       java.util.ComparableTimSort::sort (219 bytes)
Event: 14.813 Thread 0x00007fc573010800 nmethod 987 0x0000000103e71fd0 code [0x0000000103e721e0, 0x0000000103e72878]
Event: 15.125 Thread 0x00007fc57300f800  988 %     4       java.util.ComparableTimSort::sort @ 93 (219 bytes)
Event: 15.147 Thread 0x00007fc57300f800 nmethod 988% 0x0000000103e76c10 code [0x0000000103e76e60, 0x0000000103e780a8]
Event: 22.043 Thread 0x00007fc573809800  989 %     4       java.util.List::sort @ 30 (66 bytes)
Event: 22.051 Thread 0x00007fc573809800 nmethod 989% 0x0000000103e5e250 code [0x0000000103e5e3c0, 0x0000000103e5e858]
Event: 22.051 Thread 0x00007fc57300f800  990       4       java.util.List::sort (66 bytes)
Event: 22.056 Thread 0x00007fc57300f800 nmethod 990 0x0000000103e64690 code [0x0000000103e64820, 0x0000000103e64b88]
Event: 22.672 Thread 0x00007fc573010800  991       1       sun.java2d.opengl.OGLRenderQueue::access$000 (5 bytes)
Event: 22.672 Thread 0x00007fc573010800 nmethod 991 0x0000000103e47c10 code [0x0000000103e47d60, 0x0000000103e47e50]

GC Heap History (10 events):
Event: 11.861 GC heap before
{Heap before GC invocations=9 (full 2):
 PSYoungGen      total 159232K, used 159232K [0x0000000795580000, 0x00000007a4c80000, 0x00000007c0000000)
  eden space 95744K, 100% used [0x0000000795580000,0x000000079b300000,0x000000079b300000)
  from space 63488K, 100% used [0x000000079fe80000,0x00000007a3c80000,0x00000007a3c80000)
  to   space 77312K, 0% used [0x000000079b300000,0x000000079b300000,0x000000079fe80000)
 ParOldGen       total 293376K, used 182803K [0x0000000740000000, 0x0000000751e80000, 0x0000000795580000)
  object space 293376K, 62% used [0x0000000740000000,0x000000074b284fb0,0x0000000751e80000)
 Metaspace       used 12976K, capacity 13142K, committed 13312K, reserved 1060864K
  class space    used 1752K, capacity 1783K, committed 1792K, reserved 1048576K
Event: 12.191 GC heap after
Heap after GC invocations=9 (full 2):
 PSYoungGen      total 173056K, used 77312K [0x0000000795580000, 0x00000007ae580000, 0x00000007c0000000)
  eden space 95744K, 0% used [0x0000000795580000,0x0000000795580000,0x000000079b300000)
  from space 77312K, 100% used [0x000000079b300000,0x000000079fe80000,0x000000079fe80000)
  to   space 130560K, 0% used [0x00000007a6600000,0x00000007a6600000,0x00000007ae580000)
 ParOldGen       total 293376K, used 264955K [0x0000000740000000, 0x0000000751e80000, 0x0000000795580000)
  object space 293376K, 90% used [0x0000000740000000,0x00000007502befb0,0x0000000751e80000)
 Metaspace       used 12976K, capacity 13142K, committed 13312K, reserved 1060864K
  class space    used 1752K, capacity 1783K, committed 1792K, reserved 1048576K
}
Event: 12.191 GC heap before
{Heap before GC invocations=10 (full 3):
 PSYoungGen      total 173056K, used 77312K [0x0000000795580000, 0x00000007ae580000, 0x00000007c0000000)
  eden space 95744K, 0% used [0x0000000795580000,0x0000000795580000,0x000000079b300000)
  from space 77312K, 100% used [0x000000079b300000,0x000000079fe80000,0x000000079fe80000)
  to   space 130560K, 0% used [0x00000007a6600000,0x00000007a6600000,0x00000007ae580000)
 ParOldGen       total 293376K, used 264955K [0x0000000740000000, 0x0000000751e80000, 0x0000000795580000)
  object space 293376K, 90% used [0x0000000740000000,0x00000007502befb0,0x0000000751e80000)
 Metaspace       used 12976K, capacity 13142K, committed 13312K, reserved 1060864K
  class space    used 1752K, capacity 1783K, committed 1792K, reserved 1048576K
Event: 13.977 GC heap after
Heap after GC invocations=10 (full 3):
 PSYoungGen      total 173056K, used 48589K [0x0000000795580000, 0x00000007ae580000, 0x00000007c0000000)
  eden space 95744K, 0% used [0x0000000795580000,0x0000000795580000,0x000000079b300000)
  from space 77312K, 62% used [0x000000079b300000,0x000000079e273580,0x000000079fe80000)
  to   space 130560K, 0% used [0x00000007a6600000,0x00000007a6600000,0x00000007ae580000)
 ParOldGen       total 455680K, used 293351K [0x0000000740000000, 0x000000075bd00000, 0x0000000795580000)
  object space 455680K, 64% used [0x0000000740000000,0x0000000751e79f28,0x000000075bd00000)
 Metaspace       used 12976K, capacity 13142K, committed 13312K, reserved 1060864K
  class space    used 1752K, capacity 1783K, committed 1792K, reserved 1048576K
}
Event: 14.015 GC heap before
{Heap before GC invocations=11 (full 3):
 PSYoungGen      total 173056K, used 144333K [0x0000000795580000, 0x00000007ae580000, 0x00000007c0000000)
  eden space 95744K, 100% used [0x0000000795580000,0x000000079b300000,0x000000079b300000)
  from space 77312K, 62% used [0x000000079b300000,0x000000079e273580,0x000000079fe80000)
  to   space 130560K, 0% used [0x00000007a6600000,0x00000007a6600000,0x00000007ae580000)
 ParOldGen       total 455680K, used 293351K [0x0000000740000000, 0x000000075bd00000, 0x0000000795580000)
  object space 455680K, 64% used [0x0000000740000000,0x0000000751e79f28,0x000000075bd00000)
 Metaspace       used 12976K, capacity 13142K, committed 13312K, reserved 1060864K
  class space    used 1752K, capacity 1783K, committed 1792K, reserved 1048576K
Event: 14.291 GC heap after
Heap after GC invocations=11 (full 3):
 PSYoungGen      total 250880K, used 130560K [0x0000000795580000, 0x00000007b1300000, 0x00000007c0000000)
  eden space 120320K, 0% used [0x0000000795580000,0x0000000795580000,0x000000079cb00000)
  from space 130560K, 100% used [0x00000007a6600000,0x00000007ae580000,0x00000007ae580000)
  to   space 158720K, 0% used [0x000000079cb00000,0x000000079cb00000,0x00000007a6600000)
 ParOldGen       total 455680K, used 307311K [0x0000000740000000, 0x000000075bd00000, 0x0000000795580000)
  object space 455680K, 67% used [0x0000000740000000,0x0000000752c1bf28,0x000000075bd00000)
 Metaspace       used 12976K, capacity 13142K, committed 13312K, reserved 1060864K
  class space    used 1752K, capacity 1783K, committed 1792K, reserved 1048576K
}
Event: 16.446 GC heap before
{Heap before GC invocations=12 (full 3):
 PSYoungGen      total 250880K, used 241064K [0x0000000795580000, 0x00000007b1300000, 0x00000007c0000000)
  eden space 120320K, 91% used [0x0000000795580000,0x000000079c16a1a8,0x000000079cb00000)
  from space 130560K, 100% used [0x00000007a6600000,0x00000007ae580000,0x00000007ae580000)
  to   space 158720K, 0% used [0x000000079cb00000,0x000000079cb00000,0x00000007a6600000)
 ParOldGen       total 455680K, used 307311K [0x0000000740000000, 0x000000075bd00000, 0x0000000795580000)
  object space 455680K, 67% used [0x0000000740000000,0x0000000752c1bf28,0x000000075bd00000)
 Metaspace       used 12976K, capacity 13142K, committed 13312K, reserved 1060864K
  class space    used 1752K, capacity 1783K, committed 1792K, reserved 1048576K
Event: 16.679 GC heap after
Heap after GC invocations=12 (full 3):
 PSYoungGen      total 279040K, used 158708K [0x0000000795580000, 0x00000007b8980000, 0x00000007c0000000)
  eden space 120320K, 0% used [0x0000000795580000,0x0000000795580000,0x000000079cb00000)
  from space 158720K, 99% used [0x000000079cb00000,0x00000007a65fd110,0x00000007a6600000)
  to   space 214528K, 0% used [0x00000007ab800000,0x00000007ab800000,0x00000007b8980000)
 ParOldGen       total 455680K, used 381319K [0x0000000740000000, 0x000000075bd00000, 0x0000000795580000)
  object space 455680K, 83% used [0x0000000740000000,0x0000000757461f38,0x000000075bd00000)
 Metaspace       used 12976K, capacity 13142K, committed 13312K, reserved 1060864K
  class space    used 1752K, capacity 1783K, committed 1792K, reserved 1048576K
}
Event: 16.679 GC heap before
{Heap before GC invocations=13 (full 4):
 PSYoungGen      total 279040K, used 158708K [0x0000000795580000, 0x00000007b8980000, 0x00000007c0000000)
  eden space 120320K, 0% used [0x0000000795580000,0x0000000795580000,0x000000079cb00000)
  from space 158720K, 99% used [0x000000079cb00000,0x00000007a65fd110,0x00000007a6600000)
  to   space 214528K, 0% used [0x00000007ab800000,0x00000007ab800000,0x00000007b8980000)
 ParOldGen       total 455680K, used 381319K [0x0000000740000000, 0x000000075bd00000, 0x0000000795580000)
  object space 455680K, 83% used [0x0000000740000000,0x0000000757461f38,0x000000075bd00000)
 Metaspace       used 12976K, capacity 13142K, committed 13312K, reserved 1060864K
  class space    used 1752K, capacity 1783K, committed 1792K, reserved 1048576K
Event: 19.585 GC heap after
Heap after GC invocations=13 (full 4):
 PSYoungGen      total 279040K, used 84381K [0x0000000795580000, 0x00000007b8980000, 0x00000007c0000000)
  eden space 120320K, 0% used [0x0000000795580000,0x0000000795580000,0x000000079cb00000)
  from space 158720K, 53% used [0x000000079cb00000,0x00000007a1d67680,0x00000007a6600000)
  to   space 214528K, 0% used [0x00000007ab800000,0x00000007ab800000,0x00000007b8980000)
 ParOldGen       total 656896K, used 455246K [0x0000000740000000, 0x0000000768180000, 0x0000000795580000)
  object space 656896K, 69% used [0x0000000740000000,0x000000075bc93958,0x0000000768180000)
 Metaspace       used 12976K, capacity 13142K, committed 13312K, reserved 1060864K
  class space    used 1752K, capacity 1783K, committed 1792K, reserved 1048576K
}

Deoptimization events (9 events):
Event: 1.341 Thread 0x00007fc574002000 Uncommon trap: reason=class_check action=maybe_recompile pc=0x0000000103cba60c method=java.lang.String.equals(Ljava/lang/Object;)Z @ 8
Event: 1.341 Thread 0x00007fc574002000 Uncommon trap: reason=class_check action=maybe_recompile pc=0x0000000103cba60c method=java.lang.String.equals(Ljava/lang/Object;)Z @ 8
Event: 1.354 Thread 0x00007fc574002000 Uncommon trap: reason=class_check action=maybe_recompile pc=0x0000000103cba60c method=java.lang.String.equals(Ljava/lang/Object;)Z @ 8
Event: 1.354 Thread 0x00007fc574002000 Uncommon trap: reason=class_check action=maybe_recompile pc=0x0000000103cba60c method=java.lang.String.equals(Ljava/lang/Object;)Z @ 8
Event: 1.545 Thread 0x00007fc573152000 Uncommon trap: reason=bimorphic action=maybe_recompile pc=0x0000000103d2a548 method=java.util.HashMap.getNode(ILjava/lang/Object;)Ljava/util/HashMap$Node; @ 126
Event: 1.559 Thread 0x00007fc573152000 Uncommon trap: reason=bimorphic action=maybe_recompile pc=0x0000000103d2a548 method=java.util.HashMap.getNode(ILjava/lang/Object;)Ljava/util/HashMap$Node; @ 126
Event: 1.565 Thread 0x00007fc573152000 Uncommon trap: reason=bimorphic action=maybe_recompile pc=0x0000000103d2a548 method=java.util.HashMap.getNode(ILjava/lang/Object;)Ljava/util/HashMap$Node; @ 126
Event: 1.566 Thread 0x00007fc573152000 Uncommon trap: reason=bimorphic action=maybe_recompile pc=0x0000000103d2a548 method=java.util.HashMap.getNode(ILjava/lang/Object;)Ljava/util/HashMap$Node; @ 126
Event: 14.423 Thread 0x00007fc574002000 Uncommon trap: reason=unreached action=reinterpret pc=0x0000000103e5ee74 method=java.util.LinkedList.toArray()[Ljava/lang/Object; @ 16

Internal exceptions (10 events):
Event: 0.461 Thread 0x00007fc574002000 Exception <a 'java/security/PrivilegedActionException'> (0x0000000795990208) thrown at [/Users/java_re/workspace/8-2-build-macosx-x86_64/jdk8u31/2394/hotspot/src/share/vm/prims/jvm.cpp, line 1312]
Event: 1.232 Thread 0x00007fc574002000 Exception <a 'java/lang/NullPointerException'> (0x0000000795c90498) thrown at [/Users/java_re/workspace/8-2-build-macosx-x86_64/jdk8u31/2394/hotspot/src/share/vm/prims/jni.cpp, line 742]
Event: 1.461 Thread 0x00007fc573152000 Exception <a 'java/security/PrivilegedActionException'> (0x00000007960bd710) thrown at [/Users/java_re/workspace/8-2-build-macosx-x86_64/jdk8u31/2394/hotspot/src/share/vm/prims/jvm.cpp, line 1312]
Event: 1.461 Thread 0x00007fc573152000 Exception <a 'java/security/PrivilegedActionException'> (0x00000007960bef40) thrown at [/Users/java_re/workspace/8-2-build-macosx-x86_64/jdk8u31/2394/hotspot/src/share/vm/prims/jvm.cpp, line 1312]
Event: 1.467 Thread 0x00007fc573152000 Exception <a 'java/security/PrivilegedActionException'> (0x00000007960f0840) thrown at [/Users/java_re/workspace/8-2-build-macosx-x86_64/jdk8u31/2394/hotspot/src/share/vm/prims/jvm.cpp, line 1312]
Event: 1.467 Thread 0x00007fc573152000 Exception <a 'java/security/PrivilegedActionException'> (0x00000007960f21c8) thrown at [/Users/java_re/workspace/8-2-build-macosx-x86_64/jdk8u31/2394/hotspot/src/share/vm/prims/jvm.cpp, line 1312]
Event: 1.474 Thread 0x00007fc573152000 Exception <a 'java/security/PrivilegedActionException'> (0x000000079610a848) thrown at [/Users/java_re/workspace/8-2-build-macosx-x86_64/jdk8u31/2394/hotspot/src/share/vm/prims/jvm.cpp, line 1312]
Event: 1.475 Thread 0x00007fc573152000 Exception <a 'java/security/PrivilegedActionException'> (0x000000079610c340) thrown at [/Users/java_re/workspace/8-2-build-macosx-x86_64/jdk8u31/2394/hotspot/src/share/vm/prims/jvm.cpp, line 1312]
Event: 4.764 Thread 0x00007fc574002000 Exception <a 'java/security/PrivilegedActionException'> (0x0000000795e379e8) thrown at [/Users/java_re/workspace/8-2-build-macosx-x86_64/jdk8u31/2394/hotspot/src/share/vm/prims/jvm.cpp, line 1312]
Event: 14.423 Thread 0x00007fc574002000 Implicit null exception at 0x0000000103e5eddd to 0x0000000103e5ee5a

Events (10 events):
Event: 15.164 Thread 0x00007fc574002000 DEOPT PACKING pc=0x0000000103e68382 sp=0x0000700000219580
Event: 15.165 Thread 0x00007fc574002000 DEOPT UNPACKING pc=0x0000000103b66373 sp=0x0000700000219340 mode 0
Event: 16.445 Executing VM operation: ParallelGCFailedAllocation
Event: 19.585 Executing VM operation: ParallelGCFailedAllocation done
Event: 19.763 Thread 0x00007fc5738c0800 Thread added: 0x00007fc5738c0800
Event: 20.771 Executing VM operation: RevokeBias
Event: 20.771 Executing VM operation: RevokeBias done
Event: 20.771 Thread 0x00007fc5738c0800 Thread exited: 0x00007fc5738c0800
Event: 24.766 Thread 0x00007fc57320d800 Thread added: 0x00007fc57320d800
Event: 25.770 Executing VM operation: RevokeBias


Dynamic libraries:
0x00000000041cf000 	/System/Library/Frameworks/Cocoa.framework/Versions/A/Cocoa
0x00000000041cf000 	/System/Library/Frameworks/Security.framework/Versions/A/Security
0x00000000041cf000 	/System/Library/Frameworks/ApplicationServices.framework/Versions/A/ApplicationServices
0x00000000041cf000 	/usr/lib/libz.1.dylib
0x00000000041cf000 	/usr/lib/libSystem.B.dylib
0x00000000041cf000 	/usr/lib/libobjc.A.dylib
0x00000000041cf000 	/System/Library/Frameworks/CoreFoundation.framework/Versions/A/CoreFoundation
0x00000000041cf000 	/System/Library/Frameworks/Foundation.framework/Versions/C/Foundation
0x00000000041cf000 	/System/Library/Frameworks/AppKit.framework/Versions/C/AppKit
0x00000000041cf000 	/System/Library/Frameworks/CoreData.framework/Versions/A/CoreData
0x00000000041cf000 	/System/Library/PrivateFrameworks/RemoteViewServices.framework/Versions/A/RemoteViewServices
0x00000000041cf000 	/System/Library/PrivateFrameworks/UIFoundation.framework/Versions/A/UIFoundation
0x00000000041cf000 	/usr/lib/libScreenReader.dylib
0x00000000041cf000 	/System/Library/Frameworks/Accelerate.framework/Versions/A/Accelerate
0x00000000041cf000 	/System/Library/Frameworks/IOSurface.framework/Versions/A/IOSurface
0x00000000041cf000 	/System/Library/Frameworks/AudioToolbox.framework/Versions/A/AudioToolbox
0x00000000041cf000 	/System/Library/Frameworks/AudioUnit.framework/Versions/A/AudioUnit
0x00000000041cf000 	/System/Library/PrivateFrameworks/DataDetectorsCore.framework/Versions/A/DataDetectorsCore
0x00000000041cf000 	/System/Library/PrivateFrameworks/DesktopServicesPriv.framework/Versions/A/DesktopServicesPriv
0x00000000041cf000 	/System/Library/Frameworks/Carbon.framework/Versions/A/Frameworks/HIToolbox.framework/Versions/A/HIToolbox
0x00000000041cf000 	/System/Library/Frameworks/QuartzCore.framework/Versions/A/QuartzCore
0x00000000041cf000 	/System/Library/Frameworks/Carbon.framework/Versions/A/Frameworks/SpeechRecognition.framework/Versions/A/SpeechRecognition
0x00000000041cf000 	/usr/lib/libauto.dylib
0x00000000041cf000 	/usr/lib/libicucore.A.dylib
0x00000000041cf000 	/usr/lib/libxml2.2.dylib
0x00000000041cf000 	/System/Library/PrivateFrameworks/CoreUI.framework/Versions/A/CoreUI
0x00000000041cf000 	/System/Library/Frameworks/CoreAudio.framework/Versions/A/CoreAudio
0x00000000041cf000 	/System/Library/Frameworks/DiskArbitration.framework/Versions/A/DiskArbitration
0x00000000041cf000 	/usr/lib/liblangid.dylib
0x00000000041cf000 	/System/Library/PrivateFrameworks/MultitouchSupport.framework/Versions/A/MultitouchSupport
0x00000000041cf000 	/System/Library/Frameworks/IOKit.framework/Versions/A/IOKit
0x00000000041cf000 	/usr/lib/libDiagnosticMessagesClient.dylib
0x00000000041cf000 	/System/Library/Frameworks/CoreServices.framework/Versions/A/CoreServices
0x00000000041cf000 	/System/Library/PrivateFrameworks/PerformanceAnalysis.framework/Versions/A/PerformanceAnalysis
0x00000000041cf000 	/System/Library/PrivateFrameworks/GenerationalStorage.framework/Versions/A/GenerationalStorage
0x00000000041cf000 	/System/Library/Frameworks/OpenGL.framework/Versions/A/OpenGL
0x00000000041cf000 	/System/Library/PrivateFrameworks/Sharing.framework/Versions/A/Sharing
0x00000000041cf000 	/System/Library/Frameworks/CoreGraphics.framework/Versions/A/CoreGraphics
0x00000000041cf000 	/System/Library/Frameworks/CoreImage.framework/Versions/A/CoreImage
0x00000000041cf000 	/System/Library/Frameworks/CoreText.framework/Versions/A/CoreText
0x00000000041cf000 	/System/Library/Frameworks/ImageIO.framework/Versions/A/ImageIO
0x00000000041cf000 	/System/Library/PrivateFrameworks/Backup.framework/Versions/A/Backup
0x00000000041cf000 	/usr/lib/libextension.dylib
0x00000000041cf000 	/usr/lib/libarchive.2.dylib
0x00000000041cf000 	/System/Library/Frameworks/CFNetwork.framework/Versions/A/CFNetwork
0x00000000041cf000 	/System/Library/Frameworks/SystemConfiguration.framework/Versions/A/SystemConfiguration
0x00000000041cf000 	/usr/lib/libCRFSuite.dylib
0x00000000041cf000 	/usr/lib/libc++.1.dylib
0x00000000041cf000 	/usr/lib/libc++abi.dylib
0x00000000041cf000 	/usr/lib/system/libcache.dylib
0x00000000041cf000 	/usr/lib/system/libcommonCrypto.dylib
0x00000000041cf000 	/usr/lib/system/libcompiler_rt.dylib
0x00000000041cf000 	/usr/lib/system/libcopyfile.dylib
0x00000000041cf000 	/usr/lib/system/libcorecrypto.dylib
0x00000000041cf000 	/usr/lib/system/libdispatch.dylib
0x00000000041cf000 	/usr/lib/system/libdyld.dylib
0x00000000041cf000 	/usr/lib/system/libkeymgr.dylib
0x00000000041cf000 	/usr/lib/system/liblaunch.dylib
0x00000000041cf000 	/usr/lib/system/libmacho.dylib
0x00000000041cf000 	/usr/lib/system/libquarantine.dylib
0x00000000041cf000 	/usr/lib/system/libremovefile.dylib
0x00000000041cf000 	/usr/lib/system/libsystem_asl.dylib
0x00000000041cf000 	/usr/lib/system/libsystem_blocks.dylib
0x00000000041cf000 	/usr/lib/system/libsystem_c.dylib
0x00000000041cf000 	/usr/lib/system/libsystem_configuration.dylib
0x00000000041cf000 	/usr/lib/system/libsystem_coreservices.dylib
0x00000000041cf000 	/usr/lib/system/libsystem_coretls.dylib
0x00000000041cf000 	/usr/lib/system/libsystem_dnssd.dylib
0x00000000041cf000 	/usr/lib/system/libsystem_info.dylib
0x00000000041cf000 	/usr/lib/system/libsystem_kernel.dylib
0x00000000041cf000 	/usr/lib/system/libsystem_m.dylib
0x00000000041cf000 	/usr/lib/system/libsystem_malloc.dylib
0x00000000041cf000 	/usr/lib/system/libsystem_network.dylib
0x00000000041cf000 	/usr/lib/system/libsystem_networkextension.dylib
0x00000000041cf000 	/usr/lib/system/libsystem_notify.dylib
0x00000000041cf000 	/usr/lib/system/libsystem_platform.dylib
0x00000000041cf000 	/usr/lib/system/libsystem_pthread.dylib
0x00000000041cf000 	/usr/lib/system/libsystem_sandbox.dylib
0x00000000041cf000 	/usr/lib/system/libsystem_secinit.dylib
0x00000000041cf000 	/usr/lib/system/libsystem_trace.dylib
0x00000000041cf000 	/usr/lib/system/libunc.dylib
0x00000000041cf000 	/usr/lib/system/libunwind.dylib
0x00000000041cf000 	/usr/lib/system/libxpc.dylib
0x00000000041cf000 	/usr/lib/libenergytrace.dylib
0x00000000041cf000 	/usr/lib/libbsm.0.dylib
0x00000000041cf000 	/usr/lib/system/libkxld.dylib
0x00000000041cf000 	/usr/lib/libxar.1.dylib
0x00000000041cf000 	/usr/lib/libsqlite3.dylib
0x00000000041cf000 	/usr/lib/libpam.2.dylib
0x00000000041cf000 	/usr/lib/libOpenScriptingUtil.dylib
0x00000000041cf000 	/usr/lib/libbz2.1.0.dylib
0x00000000041cf000 	/usr/lib/liblzma.5.dylib
0x00000000041cf000 	/System/Library/Frameworks/CoreServices.framework/Versions/A/Frameworks/FSEvents.framework/Versions/A/FSEvents
0x00000000041cf000 	/System/Library/Frameworks/CoreServices.framework/Versions/A/Frameworks/CarbonCore.framework/Versions/A/CarbonCore
0x00000000041cf000 	/System/Library/Frameworks/CoreServices.framework/Versions/A/Frameworks/Metadata.framework/Versions/A/Metadata
0x00000000041cf000 	/System/Library/Frameworks/CoreServices.framework/Versions/A/Frameworks/OSServices.framework/Versions/A/OSServices
0x00000000041cf000 	/System/Library/Frameworks/CoreServices.framework/Versions/A/Frameworks/SearchKit.framework/Versions/A/SearchKit
0x00000000041cf000 	/System/Library/Frameworks/CoreServices.framework/Versions/A/Frameworks/AE.framework/Versions/A/AE
0x00000000041cf000 	/System/Library/Frameworks/CoreServices.framework/Versions/A/Frameworks/LaunchServices.framework/Versions/A/LaunchServices
0x00000000041cf000 	/System/Library/Frameworks/CoreServices.framework/Versions/A/Frameworks/DictionaryServices.framework/Versions/A/DictionaryServices
0x00000000041cf000 	/System/Library/Frameworks/CoreServices.framework/Versions/A/Frameworks/SharedFileList.framework/Versions/A/SharedFileList
0x00000000041cf000 	/System/Library/Frameworks/NetFS.framework/Versions/A/NetFS
0x00000000041cf000 	/System/Library/PrivateFrameworks/NetAuth.framework/Versions/A/NetAuth
0x00000000041cf000 	/System/Library/PrivateFrameworks/login.framework/Versions/A/Frameworks/loginsupport.framework/Versions/A/loginsupport
0x00000000041cf000 	/System/Library/PrivateFrameworks/TCC.framework/Versions/A/TCC
0x00000000041cf000 	/usr/lib/libmecabra.dylib
0x00000000041cf000 	/System/Library/Frameworks/ApplicationServices.framework/Versions/A/Frameworks/ATS.framework/Versions/A/ATS
0x00000000041cf000 	/System/Library/Frameworks/ApplicationServices.framework/Versions/A/Frameworks/ColorSync.framework/Versions/A/ColorSync
0x00000000041cf000 	/System/Library/Frameworks/ApplicationServices.framework/Versions/A/Frameworks/HIServices.framework/Versions/A/HIServices
0x00000000041cf000 	/System/Library/Frameworks/ApplicationServices.framework/Versions/A/Frameworks/LangAnalysis.framework/Versions/A/LangAnalysis
0x00000000041cf000 	/System/Library/Frameworks/ApplicationServices.framework/Versions/A/Frameworks/PrintCore.framework/Versions/A/PrintCore
0x00000000041cf000 	/System/Library/Frameworks/ApplicationServices.framework/Versions/A/Frameworks/QD.framework/Versions/A/QD
0x00000000041cf000 	/System/Library/Frameworks/ApplicationServices.framework/Versions/A/Frameworks/SpeechSynthesis.framework/Versions/A/SpeechSynthesis
0x00000000041cf000 	/System/Library/Frameworks/Metal.framework/Versions/A/Metal
0x00000000041cf000 	/System/Library/Frameworks/Accelerate.framework/Versions/A/Frameworks/vImage.framework/Versions/A/vImage
0x00000000041cf000 	/System/Library/Frameworks/Accelerate.framework/Versions/A/Frameworks/vecLib.framework/Versions/A/vecLib
0x00000000041cf000 	/System/Library/Frameworks/Accelerate.framework/Versions/A/Frameworks/vecLib.framework/Versions/A/libvDSP.dylib
0x00000000041cf000 	/System/Library/Frameworks/Accelerate.framework/Versions/A/Frameworks/vecLib.framework/Versions/A/libvMisc.dylib
0x00000000041cf000 	/System/Library/Frameworks/Accelerate.framework/Versions/A/Frameworks/vecLib.framework/Versions/A/libLAPACK.dylib
0x00000000041cf000 	/System/Library/Frameworks/Accelerate.framework/Versions/A/Frameworks/vecLib.framework/Versions/A/libBLAS.dylib
0x00000000041cf000 	/System/Library/Frameworks/Accelerate.framework/Versions/A/Frameworks/vecLib.framework/Versions/A/libLinearAlgebra.dylib
0x00000000041cf000 	/System/Library/Frameworks/Accelerate.framework/Versions/A/Frameworks/vecLib.framework/Versions/A/libSparseBLAS.dylib
0x00000000041cf000 	/System/Library/PrivateFrameworks/GPUCompiler.framework/libmetal_timestamp.dylib
0x00000000041cf000 	/System/Library/Frameworks/OpenGL.framework/Versions/A/Libraries/libCoreFSCache.dylib
0x00000000041cf000 	/System/Library/PrivateFrameworks/IOAccelerator.framework/Versions/A/IOAccelerator
0x00000000041cf000 	/System/Library/Frameworks/ApplicationServices.framework/Versions/A/Frameworks/ATS.framework/Versions/A/Resources/libFontParser.dylib
0x00000000041cf000 	/System/Library/Frameworks/ApplicationServices.framework/Versions/A/Frameworks/ATS.framework/Versions/A/Resources/libFontRegistry.dylib
0x00000000041cf000 	/System/Library/PrivateFrameworks/AppleVPA.framework/Versions/A/AppleVPA
0x00000000041cf000 	/System/Library/PrivateFrameworks/AppleJPEG.framework/Versions/A/AppleJPEG
0x00000000041cf000 	/System/Library/Frameworks/ImageIO.framework/Versions/A/Resources/libJPEG.dylib
0x00000000041cf000 	/System/Library/Frameworks/ImageIO.framework/Versions/A/Resources/libTIFF.dylib
0x00000000041cf000 	/System/Library/Frameworks/ImageIO.framework/Versions/A/Resources/libPng.dylib
0x00000000041cf000 	/System/Library/Frameworks/ImageIO.framework/Versions/A/Resources/libGIF.dylib
0x00000000041cf000 	/System/Library/Frameworks/ImageIO.framework/Versions/A/Resources/libJP2.dylib
0x00000000041cf000 	/System/Library/Frameworks/ImageIO.framework/Versions/A/Resources/libRadiance.dylib
0x00000000041cf000 	/System/Library/Frameworks/CoreVideo.framework/Versions/A/CoreVideo
0x00000000041cf000 	/System/Library/Frameworks/OpenGL.framework/Versions/A/Libraries/libGLU.dylib
0x00000000041cf000 	/System/Library/Frameworks/OpenGL.framework/Versions/A/Libraries/libGFXShared.dylib
0x00000000041cf000 	/System/Library/Frameworks/OpenGL.framework/Versions/A/Libraries/libGL.dylib
0x00000000041cf000 	/System/Library/Frameworks/OpenGL.framework/Versions/A/Libraries/libGLImage.dylib
0x00000000041cf000 	/System/Library/Frameworks/OpenGL.framework/Versions/A/Libraries/libCVMSPluginSupport.dylib
0x00000000041cf000 	/System/Library/Frameworks/OpenGL.framework/Versions/A/Libraries/libCoreVMClient.dylib
0x00000000041cf000 	/usr/lib/libcups.2.dylib
0x00000000041cf000 	/System/Library/Frameworks/Kerberos.framework/Versions/A/Kerberos
0x00000000041cf000 	/System/Library/Frameworks/GSS.framework/Versions/A/GSS
0x00000000041cf000 	/usr/lib/libresolv.9.dylib
0x00000000041cf000 	/usr/lib/libiconv.2.dylib
0x00000000041cf000 	/System/Library/PrivateFrameworks/Heimdal.framework/Versions/A/Heimdal
0x00000000041cf000 	/usr/lib/libheimdal-asn1.dylib
0x00000000041cf000 	/System/Library/Frameworks/OpenDirectory.framework/Versions/A/OpenDirectory
0x00000000041cf000 	/System/Library/PrivateFrameworks/CommonAuth.framework/Versions/A/CommonAuth
0x00000000041cf000 	/System/Library/Frameworks/OpenDirectory.framework/Versions/A/Frameworks/CFOpenDirectory.framework/Versions/A/CFOpenDirectory
0x00000000041cf000 	/System/Library/Frameworks/SecurityFoundation.framework/Versions/A/SecurityFoundation
0x00000000041cf000 	/System/Library/PrivateFrameworks/LanguageModeling.framework/Versions/A/LanguageModeling
0x00000000041cf000 	/usr/lib/libmarisa.dylib
0x00000000041cf000 	/usr/lib/libChineseTokenizer.dylib
0x00000000041cf000 	/usr/lib/libcmph.dylib
0x00000000041cf000 	/usr/lib/libcompression.dylib
0x00000000041cf000 	/System/Library/Frameworks/ServiceManagement.framework/Versions/A/ServiceManagement
0x00000000041cf000 	/usr/lib/libxslt.1.dylib
0x00000000041cf000 	/System/Library/Frameworks/Carbon.framework/Versions/A/Frameworks/Ink.framework/Versions/A/Ink
0x00000000041cf000 	/usr/lib/libFosl_dynamic.dylib
0x00000000041cf000 	/System/Library/PrivateFrameworks/FaceCore.framework/Versions/A/FaceCore
0x00000000041cf000 	/System/Library/Frameworks/OpenCL.framework/Versions/A/OpenCL
0x00000000041cf000 	/System/Library/PrivateFrameworks/CrashReporterSupport.framework/Versions/A/CrashReporterSupport
0x00000000041cf000 	/System/Library/PrivateFrameworks/IconServices.framework/Versions/A/IconServices
0x00000000041cf000 	/System/Library/PrivateFrameworks/Apple80211.framework/Versions/A/Apple80211
0x00000000041cf000 	/System/Library/Frameworks/CoreWLAN.framework/Versions/A/CoreWLAN
0x00000000041cf000 	/System/Library/Frameworks/IOBluetooth.framework/Versions/A/IOBluetooth
0x00000000041cf000 	/System/Library/PrivateFrameworks/CoreWiFi.framework/Versions/A/CoreWiFi
0x00000000041cf000 	/System/Library/Frameworks/CoreBluetooth.framework/Versions/A/CoreBluetooth
0x00000000041cf000 	/System/Library/PrivateFrameworks/ChunkingLibrary.framework/Versions/A/ChunkingLibrary
0x00000000041cf000 	/System/Library/PrivateFrameworks/DebugSymbols.framework/Versions/A/DebugSymbols
0x00000000041cf000 	/System/Library/PrivateFrameworks/CoreSymbolication.framework/Versions/A/CoreSymbolication
0x00000000041cf000 	/System/Library/PrivateFrameworks/Symbolication.framework/Versions/A/Symbolication
0x00000000041cf000 	/System/Library/PrivateFrameworks/SpeechRecognitionCore.framework/Versions/A/SpeechRecognitionCore
0x0000000102c00000 	/Library/Java/JavaVirtualMachines/jdk1.8.0_31.jdk/Contents/Home/jre/lib/server/libjvm.dylib
0x00000000041cf000 	/usr/lib/libstdc++.6.dylib
0x000000010230f000 	/Library/Java/JavaVirtualMachines/jdk1.8.0_31.jdk/Contents/Home/jre/lib/libverify.dylib
0x000000010231d000 	/Library/Java/JavaVirtualMachines/jdk1.8.0_31.jdk/Contents/Home/jre/lib/libjava.dylib
0x000000010235b000 	/Library/Java/JavaVirtualMachines/jdk1.8.0_31.jdk/Contents/Home/jre/lib/libzip.dylib
0x00000001193ef000 	/System/Library/Frameworks/JavaVM.framework/Frameworks/JavaRuntimeSupport.framework/JavaRuntimeSupport
0x000000011940a000 	/System/Library/Frameworks/JavaVM.framework/Versions/A/Frameworks/JavaNativeFoundation.framework/Versions/A/JavaNativeFoundation
0x000000011941f000 	/System/Library/Frameworks/JavaVM.framework/Versions/A/JavaVM
0x00000000041cf000 	/System/Library/Frameworks/Carbon.framework/Versions/A/Carbon
0x000000011942c000 	/System/Library/PrivateFrameworks/JavaLaunching.framework/Versions/A/JavaLaunching
0x00000000041cf000 	/System/Library/Frameworks/Carbon.framework/Versions/A/Frameworks/CommonPanels.framework/Versions/A/CommonPanels
0x00000000041cf000 	/System/Library/Frameworks/Carbon.framework/Versions/A/Frameworks/Help.framework/Versions/A/Help
0x00000000041cf000 	/System/Library/Frameworks/Carbon.framework/Versions/A/Frameworks/ImageCapture.framework/Versions/A/ImageCapture
0x00000000041cf000 	/System/Library/Frameworks/Carbon.framework/Versions/A/Frameworks/OpenScripting.framework/Versions/A/OpenScripting
0x00000000041cf000 	/System/Library/Frameworks/Carbon.framework/Versions/A/Frameworks/Print.framework/Versions/A/Print
0x00000000041cf000 	/System/Library/Frameworks/Carbon.framework/Versions/A/Frameworks/SecurityHI.framework/Versions/A/SecurityHI
0x000000011ad7f000 	/Library/Java/JavaVirtualMachines/jdk1.8.0_31.jdk/Contents/Home/jre/lib/libawt.dylib
0x000000011ae2e000 	/Library/Java/JavaVirtualMachines/jdk1.8.0_31.jdk/Contents/Home/jre/lib/./libmlib_image.dylib
0x000000011aefa000 	/Library/Java/JavaVirtualMachines/jdk1.8.0_31.jdk/Contents/Home/jre/lib/libawt_lwawt.dylib
0x000000011afad000 	/Library/Java/JavaVirtualMachines/jdk1.8.0_31.jdk/Contents/Home/jre/lib/./libosxapp.dylib
0x00000000041cf000 	/System/Library/Frameworks/ExceptionHandling.framework/Versions/A/ExceptionHandling
0x00000000041cf000 	/System/Library/PrivateFrameworks/CoreServicesInternal.framework/Versions/A/CoreServicesInternal
0x00000000041cf000 	/System/Library/Frameworks/CoreGraphics.framework/Versions/A/Resources/libRIP.A.dylib
0x00000000041cf000 	/System/Library/Frameworks/Accelerate.framework/Versions/A/Frameworks/vImage.framework/Versions/A/Libraries/libCGInterfaces.dylib
0x00000000041cf000 	/System/Library/Frameworks/CoreGraphics.framework/Versions/A/Resources/libCGXType.A.dylib
0x00000000041cf000 	/System/Library/Frameworks/OpenCL.framework/Versions/A/Libraries/libcldcpuengine.dylib
0x00000000041cf000 	/System/Library/PrivateFrameworks/DiskImages.framework/Versions/A/DiskImages
0x00000000041cf000 	/System/Library/Frameworks/DiscRecording.framework/Versions/A/DiscRecording
0x00000000041cf000 	/usr/lib/libcsfde.dylib
0x00000000041cf000 	/usr/lib/libcurl.4.dylib
0x00000000041cf000 	/System/Library/PrivateFrameworks/MediaKit.framework/Versions/A/MediaKit
0x00000000041cf000 	/System/Library/PrivateFrameworks/ProtectedCloudStorage.framework/Versions/A/ProtectedCloudStorage
0x00000000041cf000 	/usr/lib/libCoreStorage.dylib
0x00000000041cf000 	/System/Library/PrivateFrameworks/EFILogin.framework/Versions/A/EFILogin
0x00000000041cf000 	/usr/lib/libutil.dylib
0x00000000041cf000 	/System/Library/PrivateFrameworks/FindMyDevice.framework/Versions/A/FindMyDevice
0x00000000041cf000 	/System/Library/Frameworks/LDAP.framework/Versions/A/LDAP
0x00000000041cf000 	/usr/lib/libsasl2.2.dylib
0x00000000041cf000 	/System/Library/PrivateFrameworks/CoreDaemon.framework/Versions/B/CoreDaemon
0x00000000041cf000 	/usr/lib/libcrypto.0.9.8.dylib
0x00000000041cf000 	/System/Library/PrivateFrameworks/AppleSRP.framework/Versions/A/AppleSRP
0x00000000041cf000 	/System/Library/PrivateFrameworks/TrustEvaluationAgent.framework/Versions/A/TrustEvaluationAgent
0x000000011bab3000 	cl_kernels
0x00000000041cf000 	/System/Library/Frameworks/OpenCL.framework/Versions/A/Libraries/ImageFormats/unorm8_bgra.dylib
0x00000000041cf000 	/System/Library/Frameworks/OpenCL.framework/Versions/A/Libraries/ImageFormats/unorm8_rgba.dylib
0x00000000041cf000 	/System/Library/PrivateFrameworks/FamilyControls.framework/Versions/A/FamilyControls
0x00000000041cf000 	/System/Library/PrivateFrameworks/CommerceKit.framework/Versions/A/Frameworks/CommerceCore.framework/Versions/A/CommerceCore
0x00000000041cf000 	/System/Library/PrivateFrameworks/SystemAdministration.framework/Versions/A/SystemAdministration
0x00000000041cf000 	/System/Library/PrivateFrameworks/AppContainer.framework/Versions/A/AppContainer
0x00000000041cf000 	/System/Library/PrivateFrameworks/SecCodeWrapper.framework/Versions/A/SecCodeWrapper
0x00000000041cf000 	/System/Library/Frameworks/DirectoryService.framework/Versions/A/DirectoryService
0x00000000041cf000 	/System/Library/PrivateFrameworks/LoginUIKit.framework/Versions/A/Frameworks/LoginUICore.framework/Versions/A/LoginUICore
0x00000000041cf000 	/usr/lib/libodfde.dylib
0x000000011dc85000 	/Library/Java/JavaVirtualMachines/jdk1.8.0_31.jdk/Contents/Home/jre/lib/libfontmanager.dylib
0x000000011bff4000 	/Library/Java/JavaVirtualMachines/jdk1.8.0_31.jdk/Contents/Home/jre/lib/libosxui.dylib
0x00000000041cf000 	/System/Library/Frameworks/OpenGL.framework/Versions/A/Resources/GLEngine.bundle/GLEngine
0x00000000041cf000 	/System/Library/Frameworks/OpenGL.framework/Versions/A/Libraries/libGLProgrammability.dylib
0x000000011e73e000 	/System/Library/Extensions/AppleIntelHD5000GraphicsGLDriver.bundle/Contents/MacOS/AppleIntelHD5000GraphicsGLDriver
0x00000000041cf000 	/System/Library/PrivateFrameworks/GPUSupport.framework/Versions/A/Libraries/libGPUSupportMercury.dylib
0x00000000041cf000 	/System/Library/Frameworks/OpenGL.framework/Versions/A/Resources/GLRendererFloat.bundle/GLRendererFloat
0x000000011fa2f000 	/Library/Java/JavaVirtualMachines/jdk1.8.0_31.jdk/Contents/Home/jre/lib/libnet.dylib
0x000000011f769000 	/Library/Java/JavaVirtualMachines/jdk1.8.0_31.jdk/Contents/Home/jre/lib/libnio.dylib
0x00000000041cf000 	/System/Library/PrivateFrameworks/CloudDocs.framework/Versions/A/CloudDocs
0x00000000041cf000 	/System/Library/PrivateFrameworks/CoreDuet.framework/Versions/A/CoreDuet
0x00000000041cf000 	/System/Library/Frameworks/CloudKit.framework/Versions/A/CloudKit
0x00000000041cf000 	/System/Library/PrivateFrameworks/ProtocolBuffer.framework/Versions/A/ProtocolBuffer
0x00000000041cf000 	/System/Library/PrivateFrameworks/CoreDuetDaemonProtocol.framework/Versions/A/CoreDuetDaemonProtocol
0x00000000041cf000 	/System/Library/PrivateFrameworks/CoreDuetDebugLogging.framework/Versions/A/CoreDuetDebugLogging
0x00000000041cf000 	/System/Library/PrivateFrameworks/MMCS.framework/Versions/A/MMCS
0x00000000041cf000 	/System/Library/Frameworks/CoreLocation.framework/Versions/A/CoreLocation
0x00000000041cf000 	/System/Library/PrivateFrameworks/AssetCacheServices.framework/Versions/A/AssetCacheServices
0x00000000041cf000 	/System/Library/PrivateFrameworks/GeoServices.framework/Versions/A/GeoServices
0x0000000124ae8000 	/System/Library/Extensions/AppleIntelHD5000GraphicsMTLDriver.bundle/Contents/MacOS/AppleIntelHD5000GraphicsMTLDriver

VM Arguments:
jvm_args: -Dfile.encoding=UTF-8 
java_command: googleCodeJam.GMatrix
java_class_path (initial): /Users/chaodongzhang/Dropbox/projects/model/javaCodes/bin
Launcher Type: SUN_STANDARD

Environment Variables:
PATH=/usr/bin:/bin:/usr/sbin:/sbin
SHELL=/bin/bash

Signal Handlers:
SIGSEGV: [libjvm.dylib+0x57a0e7], sa_mask[0]=11111111011111110111111111111111, sa_flags=SA_ONSTACK|SA_RESTART|SA_SIGINFO
SIGBUS: [libjvm.dylib+0x57a0e7], sa_mask[0]=11111111011111110111111111111111, sa_flags=SA_RESTART|SA_SIGINFO
SIGFPE: [libjvm.dylib+0x45af24], sa_mask[0]=11111111011111110111111111111111, sa_flags=SA_RESTART|SA_SIGINFO
SIGPIPE: [libjvm.dylib+0x45af24], sa_mask[0]=11111111011111110111111111111111, sa_flags=SA_RESTART|SA_SIGINFO
SIGXFSZ: [libjvm.dylib+0x45af24], sa_mask[0]=11111111011111110111111111111111, sa_flags=SA_RESTART|SA_SIGINFO
SIGILL: [libjvm.dylib+0x45af24], sa_mask[0]=11111111011111110111111111111111, sa_flags=SA_RESTART|SA_SIGINFO
SIGUSR1: SIG_DFL, sa_mask[0]=00000000000000000000000000000000, sa_flags=none
SIGUSR2: [libjvm.dylib+0x45aa42], sa_mask[0]=00100000000000000000000000000000, sa_flags=SA_RESTART|SA_SIGINFO
SIGHUP: [libjvm.dylib+0x459015], sa_mask[0]=11111111011111110111111111111111, sa_flags=SA_RESTART|SA_SIGINFO
SIGINT: [libjvm.dylib+0x459015], sa_mask[0]=11111111011111110111111111111111, sa_flags=SA_RESTART|SA_SIGINFO
SIGTERM: [libjvm.dylib+0x459015], sa_mask[0]=11111111011111110111111111111111, sa_flags=SA_RESTART|SA_SIGINFO
SIGQUIT: [libjvm.dylib+0x459015], sa_mask[0]=11111111011111110111111111111111, sa_flags=SA_RESTART|SA_SIGINFO


---------------  S Y S T E M  ---------------

OS:Bsduname:Darwin 15.2.0 Darwin Kernel Version 15.2.0: Fri Nov 13 19:56:56 PST 2015; root:xnu-3248.20.55~2/RELEASE_X86_64 x86_64
rlimit: STACK 8192k, CORE 0k, NPROC 709, NOFILE 10240, AS infinity
load average:2.42 2.53 2.19

CPU:total 4 (2 cores per cpu, 2 threads per core) family 6 model 69 stepping 1, cmov, cx8, fxsr, mmx, sse, sse2, sse3, ssse3, sse4.1, sse4.2, popcnt, avx, avx2, aes, clmul, erms, lzcnt, ht, tsc, tscinvbit, bmi1, bmi2

Memory: 4k page, physical 8388608k(1076844k free)

/proc/meminfo:


vm_info: Java HotSpot(TM) 64-Bit Server VM (25.31-b07) for bsd-amd64 JRE (1.8.0_31-b13), built on Dec 17 2014 20:45:36 by "java_re" with gcc 4.2.1 (Based on Apple Inc. build 5658) (LLVM build 2336.11.00)

time: Sat Mar  5 12:28:46 2016
elapsed time: 656 seconds (0d 0h 10m 56s)

